, 538 , 431 , 576 , 365
569 , 448 , 536 , 431 , 575 , 365
568 , 449 , 536 , 431 , 575 , 365
567 , 448 , 534 , 431 , 571 , 364
567 , 448 , 534 , 431 , 570 , 364
566 , 448 , 533 , 431 , 569 , 364
566 , 448 , 533 , 431 , 568 , 364
566 , 448 , 533 , 431 , 568 , 364
566 , 448 , 532 , 431 , 568 , 363
565 , 448 , 532 , 431 , 568 , 363
565 , 448 , 532 , 431 , 568 , 363
565 , 448 , 531 , 431 , 568 , 363
565 , 448 , 532 , 431 , 568 , 363
565 , 448 , 532 , 431 , 568 , 363
565 , 448 , 531 , 431 , 568 , 363
564 , 448 , 530 , 431 , 568 , 363
563 , 448 , 530 , 431 , 567 , 363
563 , 448 , 529 , 430 , 567 , 363
562 , 448 , 529 , 430 , 567 , 363
562 , 448 , 529 , 430 , 567 , 363
562 , 448 , 529 , 430 , 567 , 363
562 , 448 , 529 , 430 , 567 , 363
562 , 448 , 529 , 430 , 567 , 363
562 , 448 , 529 , 430 , 567 , 363
562 , 448 , 529 , 430 , 567 , 363
562 , 448 , 529 , 430 , 567 , 363
562 , 448 , 529 , 430 , 567 , 363
562 , 448 , 529 , 430 , 567 , 363
562 , 448 , 529 , 430 , 567 , 363
562 , 448 , 529 , 430 , 567 , 363
562 , 448 , 529 , 430 , 567 , 363
562 , 448 , 529 , 430 , 567 , 363
562 , 448 , 529 , 430 , 567 , 362
562 , 448 , 528 , 430 , 567 , 362
562 , 448 , 528 , 430 , 567 , 362
562 , 448 , 528 , 430 , 567 , 362
562 , 448 , 528 , 430 , 567 , 362
562 , 448 , 528 , 430 , 567 , 362
562 , 448 , 529 , 430 , 567 , 363
563 , 448 , 529 , 430 , 567 , 363
563 , 448 , 529 , 430 , 567 , 362
563 , 448 , 529 , 430 , 567 , 362
563 , 448 , 529 , 430 , 567 , 362
563 , 448 , 529 , 430 , 567 , 363
563 , 448 , 529 , 430 , 567 , 363
563 , 448 , 529 , 430 , 567 , 363
563 , 448 , 529 , 430 , 567 , 363
563 , 448 , 529 , 430 , 567 , 363
563 , 448 , 529 , 430 , 567 , 363
562 , 448 , 529 , 430 , 567 , 363
562 , 448 , 529 , 430 , 567 , 362
562 , 448 , 528 , 430 , 567 , 362
562 , 448 , 528 , 430 , 567 , 362
562 , 448 , 528 , 430 , 567 , 362
562 , 448 , 528 , 430 , 567 , 362
562 , 448 , 528 , 430 , 567 , 362
562 , 448 , 528 , 430 , 567 , 362
562 , 448 , 528 , 430 , 567 , 363
562 , 448 , 528 , 430 , 567 , 363
562 , 448 , 528 , 430 , 567 , 363
562 , 448 , 528 , 430 , 567 , 363
562 , 448 , 528 , 430 , 567 , 363
562 , 448 , 529 , 430 , 567 , 363
562 , 448 , 529 , 430 , 567 , 363
562 , 448 , 529 , 430 , 567 , 363
563 , 448 , 529 , 430 , 567 , 363
563 , 448 , 529 , 430 , 567 , 363
563 , 448 , 529 , 431 , 567 , 363
563 , 448 , 529 , 431 , 567 , 363
564 , 448 , 530 , 431 , 568 , 363
564 , 448 , 530 , 431 , 568 , 363
564 , 448 , 531 , 431 , 568 , 363
565 , 448 , 531 , 431 , 568 , 363
565 , 448 , 532 , 431 , 568 , 363
565 , 448 , 532 , 431 , 568 , 363
566 , 448 , 533 , 431 , 568 , 363
566 , 448 , 533 , 431 , 568 , 363
566 , 448 , 533 , 431 , 569 , 363
566 , 448 , 533 , 431 , 569 , 363
566 , 448 , 533 , 431 , 568 , 363
566 , 448 , 533 , 431 , 568 , 363
566 , 448 , 533 , 431 , 569 , 363
566 , 448 , 534 , 431 , 569 , 363
566 , 448 , 534 , 431 , 569 , 363
566 , 448 , 534 , 431 , 569 , 363
566 , 448 , 534 , 431 , 569 , 363
566 , 448 , 534 , 431 , 569 , 363
566 , 448 , 534 , 431 , 569 , 363
566 , 448 , 534 , 431 , 569 , 363
567 , 448 , 534 , 431 , 569 , 363
567 , 448 , 534 , 431 , 569 , 363
567 , 448 , 534 , 431 , 569 , 363
567 , 448 , 534 , 431 , 569 , 363
567 , 448 , 534 , 431 , 569 , 363
567 , 448 , 534 , 431 , 569 , 363
567 , 448 , 534 , 431 , 569 , 363
567 , 448 , 534 , 431 , 569 , 363
566 , 448 , 534 , 431 , 569 , 363
566 , 448 , 534 , 431 , 569 , 363
566 , 448 , 533 , 431 , 569 , 363
566 , 448 , 533 , 431 , 569 , 363
566 , 448 , 533 , 431 , 568 , 363
566 , 448 , 533 , 431 , 569 , 363
566 , 448 , 533 , 431 , 569 , 363
566 , 448 , 533 , 431 , 569 , 363
566 , 448 , 534 , 431 , 569 , 363
566 , 448 , 534 , 431 , 569 , 363
567 , 448 , 534 , 431 , 569 , 363
567 , 448 , 534 , 431 , 569 , 363
567 , 448 , 534 , 431 , 569 , 363
567 , 448 , 534 , 431 , 569 , 363
566 , 448 , 534 , 431 , 569 , 363
566 , 448 , 533 , 431 , 569 , 363
566 , 448 , 533 , 431 , 568 , 363
566 , 448 , 533 , 431 , 568 , 363
566 , 448 , 533 , 431 , 568 , 363
566 , 448 , 533 , 431 , 568 , 363
565 , 448 , 532 , 431 , 568 , 363
565 , 448 , 532 , 431 , 568 , 363
565 , 448 , 532 , 431 , 568 , 363
565 , 448 , 532 , 431 , 568 , 363
565 , 448 , 532 , 431 , 568 , 363
565 , 448 , 532 , 431 , 568 , 363
565 , 448 , 531 , 431 , 568 , 363
565 , 448 , 531 , 431 , 568 , 363
565 , 448 , 531 , 431 , 568 , 363
565 , 448 , 531 , 431 , 568 , 363
564 , 448 , 531 , 431 , 568 , 363
564 , 448 , 531 , 431 , 568 , 363
564 , 448 , 531 , 431 , 568 , 363
565 , 448 , 531 , 431 , 568 , 363
565 , 448 , 532 , 431 , 568 , 363
565 , 448 , 532 , 431 , 568 , 363
566 , 448 , 533 , 431 , 568 , 363
566 , 448 , 533 , 431 , 568 , 363
567 , 448 , 534 , 431 , 569 , 363
567 , 448 , 534 , 431 , 571 , 363
568 , 448 , 535 , 431 , 573 , 364
569 , 448 , 536 , 431 , 574 , 364
570 , 448 , 537 , 431 , 575 , 364
571 , 448 , 538 , 431 , 575 , 364
574 , 448 , 540 , 431 , 576 , 365
575 , 449 , 541 , 431 , 577 , 365
576 , 449 , 543 , 431 , 580 , 365
577 , 449 , 544 , 431 , 582 , 365
580 , 448 , 546 , 431 , 584 , 365
580 , 448 , 546 , 431 , 584 , 365
576 , 449 , 544 , 431 , 583 , 365
575 , 449 , 542 , 431 , 580 , 365
574 , 448 , 540 , 431 , 576 , 365
574 , 449 , 541 , 431 , 577 , 365
575 , 449 , 542 , 431 , 580 , 365
575 , 449 , 542 , 431 , 580 , 365
575 , 449 , 542 , 431 , 579 , 365
575 , 449 , 541 , 431 , 578 , 365
574 , 448 , 541 , 431 , 577 , 365
574 , 448 , 541 , 431 , 577 , 365
574 , 449 , 541 , 431 , 577 , 365
574 , 449 , 541 , 431 , 577 , 365
574 , 448 , 541 , 431 , 577 , 365
574 , 448 , 541 , 431 , 577 , 365
574 , 449 , 541 , 431 , 57
561 , 448 , 528 , 430 , 567 , 363
561 , 448 , 528 , 430 , 567 , 363
561 , 448 , 528 , 430 , 567 , 363
561 , 448 , 528 , 430 , 567 , 363
561 , 448 , 528 , 430 , 567 , 363
561 , 448 , 528 , 430 , 567 , 363
561 , 448 , 528 , 430 , 567 , 363
560 , 448 , 528 , 430 , 567 , 363
560 , 448 , 528 , 430 , 567 , 363
560 , 448 , 527 , 430 , 566 , 363
560 , 448 , 527 , 430 , 566 , 363
560 , 448 , 527 , 430 , 566 , 363
560 , 448 , 527 , 430 , 566 , 363
560 , 448 , 527 , 430 , 566 , 362
560 , 448 , 527 , 430 , 566 , 362
560 , 448 , 527 , 430 , 566 , 363
560 , 448 , 527 , 430 , 566 , 362
560 , 448 , 527 , 429 , 566 , 3627 , 365
575 , 449 , 541 , 431 , 578 , 365
574 , 449 , 541 , 431 , 577 , 365
574 , 448 , 540 , 431 , 576 , 365
572 , 448 , 538 , 431 , 576 , 364
572 , 448 , 538 , 431 , 576 , 364
573 , 448 , 539 , 431 , 576 , 364
572 , 448 , 538 , 431 , 576 , 364
567 , 448 , 534 , 430 , 571 , 363
567 , 448 , 534 , 431 , 571 , 363
568 , 448 , 535 , 430 , 574 , 364
568 , 448 , 535 , 430 , 574 , 364
567 , 448 , 534 , 430 , 572 , 363
567 , 448 , 534 , 430 , 571 , 363
567 , 448 , 534 , 431 , 571 , 363
567 , 448 , 534 , 431 , 571 , 363
566 , 448 , 534 , 431 , 570 , 363
566 , 448 , 533 , 431 , 569 , 363
566 , 448 , 533 , 431 , 569 , 363
566 , 448 , 533 , 431 , 569 , 363
565 , 448 , 533 , 431 , 568 , 363
565 , 448 , 532 , 431 , 568 , 363
565 , 448 , 532 , 431 , 568 , 363
565 , 448 , 532 , 431 , 568 , 363
564 , 448 , 531 , 431 , 568 , 363
564 , 448 , 531 , 431 , 568 , 363
564 , 448 , 530 , 431 , 568 , 363
564 , 448 , 530 , 431 , 568 , 363
563 , 448 , 530 , 431 , 568 , 363
563 , 448 , 530 , 431 , 568 , 363
563 , 448 , 529 , 430 , 568 , 363
560 , 448 , 527 , 429 , 566 , 362
560 , 448 , 527 , 429 , 566 , 362
560 , 448 , 528 , 429 , 567 , 362
560 , 448 , 528 , 429 , 567 , 362
561 , 448 , 528 , 429 , 567 , 362
561 , 448 , 528 , 429 , 567 , 362
561 , 448 , 528 , 429 , 567 , 362
561 , 448 , 528 , 429 , 567 , 362
561 , 448 , 528 , 429 , 567 , 362
561 , 448 , 528 , 429 , 567 , 362
561 , 448 , 528 , 429 , 567 , 362
561 , 448 , 528 , 429 , 567 , 362
563 , 448 , 529 , 430 , 568 , 363
562 , 448 , 529 , 430 , 567 , 363
562 , 448 , 529 , 430 , 567 , 363
562 , 448 , 528 , 430 , 567 , 363
562 , 448 , 528 , 430 , 567 , 363
562 , 448 , 528 , 430 , 567 , 363
561 , 448 , 528 , 429 , 567 , 362
561 , 448 , 528 , 429 , 567 , 362
561 , 448 , 528 , 429 , 567 , 362
561 , 448 , 528 , 429 , 567 , 362
561 , 448 , 528 , 429 , 567 , 362
560 , 448 , 528 , 429 , 567 , 362
561 , 448 , 528 , 429 , 567 , 362
561 , 448 , 528 , 429 , 567 , 362
560 , 448 , 528 , 429 , 567 , 362
560 , 448 , 528 , 429 , 567 , 362
560 , 448 , 528 , 429 , 567 , 362
560 , 448 , 528 , 429 , 567 , 362
560 , 448 , 527 , 429 , 566 , 362
560 , 448 , 527 , 429 , 566 , 362
560 , 448 , 527 , 429 , 566 , 362
560 , 448 , 527 , 429 , 566 , 362
560 , 448 , 527 , 429 , 566 , 362
560 , 448 , 527 , 429 , 566 , 362
562 , 448 , 528 , 430 , 567 , 363
560 , 448 , 527 , 429 , 566 , 362
560 , 448 , 527 , 429 , 566 , 362
560 , 448 , 527 , 429 , 566 , 362
560 , 448 , 527 , 429 , 565 , 362
560 , 448 , 527 , 429 , 565 , 362
560 , 448 , 527 , 429 , 565 , 362
560 , 448 , 527 , 429 , 565 , 362
560 , 448 , 527 , 429 , 565 , 362
560 , 448 , 527 , 430 , 565 , 362
560 , 448 , 527 , 430 , 565 , 362
560 , 448 , 527 , 430 , 565 , 362
559 , 448 , 527 , 430 , 565 , 362
559 , 448 , 527 , 430 , 564 , 362
559 , 448 , 527 , 430 , 564 , 362
559 , 448 , 527 , 430 , 564 , 362
559 , 448 , 527 , 430 , 564 , 362
559 , 448 , 526 , 430 , 563 , 362
559 , 448 , 526 , 430 , 563 , 362
559 , 448 , 526 , 430 , 562 , 362
558 , 448 , 526 , 430 , 562 , 362
558 , 448 , 525 , 430 , 562 , 362
558 , 447 , 525 , 430 , 561 , 362
558 , 447 , 525 , 430 , 561 , 362
558 , 447 , 525 , 430 , 561 , 362
558 , 447 , 525 , 430 , 561 , 362
558 , 447 , 525 , 430 , 561 , 362
558 , 447 , 525 , 430 , 561 , 362
558 , 447 , 524 , 430 , 561 , 362
557 , 447 , 524 , 430 , 560 , 362
557 , 447 , 523 , 430 , 560 , 362
557 , 448 , 522 , 430 , 560 , 362
556 , 447 , 522 , 430 , 560 , 362
556 , 448 , 522 , 430 , 560 , 362
556 , 448 , 522 , 430 , 560 , 362
556 , 447 , 521 , 430 , 560 , 363
555 , 447 , 521 , 430 , 560 , 363
555 , 447 , 521 , 430 , 560 , 363
555 , 447 , 520 , 430 , 560 , 363
555 , 447 , 520 , 429 , 559 , 363
554 , 447 , 520 , 429 , 559 , 363
554 , 447 , 520 , 429 , 559 , 363
554 , 447 , 520 , 429 , 559 , 363
554 , 447 , 520 , 429 , 559 , 363
554 , 447 , 520 , 429 , 559 , 363
554 , 447 , 520 , 429 , 559 , 363
554 , 447 , 520 , 429 , 559 , 363
554 , 447 , 520 , 429 , 559 , 362
553 , 447 , 520 , 429 , 559 , 362
553 , 447 , 520 , 429 , 559 , 362
553 , 447 , 520 , 429 , 559 , 362
552 , 447 , 519 , 429 , 559 , 362
552 , 447 , 519 , 429 , 558 , 362
552 , 447 , 519 , 429 , 558 , 362
552 , 447 , 519 , 429 , 558 , 362
552 , 447 , 519 , 429 , 558 , 362
551 , 447 , 519 , 429 , 557 , 362
551 , 447 , 519 , 429 , 557 , 362
551 , 447 , 519 , 429 , 557 , 362
551 , 447 , 519 , 429 , 557 , 362
551 , 447 , 519 , 429 , 557 , 362
551 , 447 , 519 , 429 , 556 , 361
551 , 447 , 519 , 429 , 556 , 361
551 , 447 , 519 , 429 , 556 , 361
551 , 447 , 519 , 429 , 556 , 361
551 , 447 , 519 , 429 , 556 , 361
551 , 447 , 519 , 429 , 556 , 361
551 , 447 , 519 , 429 , 556 , 361
551 , 447 , 519 , 429 , 556 , 361
551 , 447 , 519 , 429 , 556 , 361
551 , 447 , 519 , 429 , 556 , 361
551 , 447 , 519 , 429 , 556 , 361
551 , 447 , 519 , 429 , 556 , 361
551 , 447 , 519 , 429 , 556 , 361
551 , 447 , 519 , 429 , 556 , 361
551 , 447 , 519 , 429 , 555 , 361
550 , 447 , 519 , 429 , 555 , 361
550 , 447 , 518 , 429 , 555 , 361
550 , 447 , 518 , 429 , 555 , 361
550 , 447 , 518 , 429 , 555 , 361
550 , 447 , 518 , 429 , 555 , 361
550 , 447 , 518 , 429 , 554 , 361
550 , 447 , 518 , 429 , 554 , 361
550 , 447 , 517 , 428 , 554 , 360
550 , 447 , 516 , 427 , 554 , 360
549 , 445 , 514 , 424 , 553 , 360
547 , 443 , 514 , 424 , 552 , 359
545 , 441 , 512 , 423 , 551 , 357
543 , 440 , 511 , 422 , 549 , 356
543 , 440 , 510 , 423 , 546 , 355
542 , 440 , 509 , 423 , 545 , 354
542 , 440 , 509 , 423 , 545 , 354
542 , 440 , 509 , 423 , 545 , 354
542 , 439 , 509 , 422 , 545 , 354
541 , 439 , 508 , 422 , 545 , 354
541 , 439 , 508 , 422 , 544 , 354
541 , 439 , 508 , 422 , 544 , 354
541 , 439 , 507 , 421 , 544 , 354
540 , 439 , 507 , 421 , 544 , 354
540 , 439 , 507 , 421 , 544 , 353
540 , 439 , 507 , 421 , 544 , 354
540 , 439 , 506 , 421 , 544 , 354
540 , 439 , 506 , 421 , 544 , 353
540 , 439 , 506 , 421 , 544 , 353
539 , 439 , 505 , 421 , 544 , 353
539 , 439 , 505 , 421 , 544 , 353
539 , 439 , 505 , 421 , 544 , 353
539 , 439 , 505 , 421 , 544 , 353
539 , 439 , 505 , 421 , 544 , 353
539 , 439 , 505 , 421 , 544 , 353
539 , 439 , 505 , 421 , 544 , 353
539 , 439 , 505 , 421 , 544 , 353
539 , 439 , 505 , 421 , 543 , 353
539 , 439 , 504 , 421 , 543 , 353
539 , 439 , 504 , 421 , 543 , 353
539 , 439 , 505 , 421 , 543 , 353
539 , 439 , 505 , 421 , 543 , 353
539 , 439 , 505 , 421 , 543 , 353
539 , 439 , 505 , 421 , 544 , 354
539 , 439 , 505 , 421 , 543 , 353
539 , 439 , 505 , 421 , 543 , 353
539 , 439 , 505 , 421 , 543 , 353
539 , 439 , 505 , 421 , 543 , 353
539 , 439 , 505 , 421 , 543 , 353
539 , 439 , 505 , 421 , 543 , 353
540 , 439 , 506 , 422 , 544 , 354
540 , 439 , 506 , 422 , 544 , 354
540 , 439 , 506 , 422 , 544 , 354
541 , 439 , 507 , 422 , 544 , 354
541 , 439 , 507 , 422 , 544 , 354
541 , 439 , 507 , 422 , 544 , 354
541 , 439 , 508 , 422 , 544 , 354
541 , 439 , 508 , 422 , 544 , 354
541 , 439 , 508 , 423 , 544 , 354
542 , 439 , 508 , 423 , 544 , 354
542 , 439 , 509 , 423 , 544 , 354
542 , 439 , 509 , 423 , 544 , 354
542 , 439 , 509 , 423 , 544 , 354
542 , 439 , 509 , 423 , 544 , 354
542 , 439 , 510 , 423 , 544 , 354
543 , 440 , 510 , 423 , 544 , 354
544 , 440 , 511 , 423 , 547 , 356
545 , 440 , 512 , 423 , 549 , 356
546 , 440 , 513 , 423 , 550 , 357
546 , 440 , 512 , 423 , 550 , 357
546 , 440 , 512 , 423 , 549 , 356
545 , 440 , 512 , 423 , 549 , 356
545 , 440 , 512 , 423 , 548 , 356
545 , 440 , 512 , 423 , 548 , 356
545 , 440 , 511 , 423 , 547 , 355
545 , 440 , 511 , 423 , 546 , 355
544 , 440 , 511 , 423 , 545 , 355
544 , 440 , 511 , 423 , 545 , 355
544 , 440 , 511 , 423 , 545 , 355
544 , 440 , 511 , 423 , 545 , 355
545 , 440 , 512 , 423 , 546 , 356
545 , 440 , 512 , 423 , 546 , 356
546 , 440 , 512 , 424 , 547 , 356
546 , 440 , 512 , 424 , 547 , 356
546 , 440 , 512 , 424 , 546 , 356
546 , 440 , 512 , 424 , 545 , 356
546 , 440 , 512 , 424 , 544 , 356
546 , 440 , 512 , 424 , 544 , 356
547 , 440 , 512 , 424 , 544 , 356
547 , 440 , 512 , 424 , 544 , 356
547 , 440 , 512 , 425 , 544 , 356
547 , 440 , 512 , 425 , 544 , 356
547 , 440 , 512 , 425 , 543 , 355
546 , 440 , 511 , 425 , 543 , 355
546 , 440 , 512 , 425 , 543 , 355
548 , 440 , 512 , 425 , 543 , 356
550 , 441 , 514 , 426 , 544 , 357
551 , 441 , 514 , 426 , 544 , 357
551 , 441 , 514 , 427 , 544 , 357
551 , 441 , 515 , 427 , 544 , 357
551 , 441 , 516 , 428 , 544 , 357
551 , 441 , 517 , 429 , 544 , 357
552 , 441 , 518 , 429 , 544 , 357
552 , 441 , 518 , 430 , 544 , 357
552 , 441 , 517 , 430 , 544 , 357
552 , 441 , 517 , 430 , 543 , 357
552 , 441 , 518 , 430 , 543 , 357
552 , 441 , 518 , 430 , 544 , 357
552 , 441 , 518 , 430 , 544 , 357
552 , 441 , 518 , 430 , 544 , 357
552 , 441 , 518 , 430 , 544 , 358
553 , 441 , 519 , 430 , 544 , 358
553 , 441 , 519 , 430 , 544 , 358
556 , 442 , 519 , 431 , 544 , 359
557 , 443 , 520 , 432 , 545 , 359
559 , 445 , 521 , 432 , 545 , 360
559 , 445 , 521 , 432 , 545 , 360
559 , 445 , 521 , 432 , 545 , 360
559 , 444 , 520 , 432 , 543 , 359
557 , 441 , 520 , 431 , 542 , 359
555 , 440 , 518 , 431 , 540 , 359
554 , 440 , 518 , 431 , 539 , 359
554 , 440 , 518 , 431 , 539 , 358
553 , 440 , 518 , 431 , 538 , 358
553 , 440 , 517 , 431 , 537 , 357
552 , 440 , 516 , 431 , 536 , 357
552 , 440 , 516 , 431 , 536 , 357
552 , 440 , 517 , 431 , 537 , 357
553 , 440 , 518 , 431 , 539 , 358
555 , 440 , 519 , 431 , 540 , 359
555 , 440 , 519 , 431 , 540 , 359
557 , 440 , 519 , 431 , 540 , 359
557 , 440 , 520 , 432 , 540 , 359
557 , 440 , 520 , 432 , 539 , 359
557 , 440 , 519 , 432 , 537 , 359
556 , 440 , 519 , 432 , 536 , 358
555 , 440 , 518 , 432 , 536 , 358
555 , 440 , 518 , 432 , 535 , 358
555 , 440 , 518 , 432 , 535 , 358
555 , 440 , 518 , 432 , 535 , 358
555 , 440 , 518 , 432 , 534 , 358
555 , 440 , 518 , 432 , 534 , 358
555 , 439 , 518 , 432 , 533 , 358
555 , 439 , 518 , 432 , 533 , 358
555 , 439 , 518 , 432 , 532 , 358
556 , 440 , 518 , 432 , 532 , 358
556 , 439 , 519 , 432 , 532 , 359
556 , 439 , 519 , 432 , 531 , 359
557 , 439 , 519 , 433 , 531 , 359
557 , 439 , 519 , 433 , 531 , 359
558 , 439 , 520 , 433 , 531 , 359
559 , 439 , 520 , 434 , 531 , 359
559 , 439 , 521 , 434 , 532 , 359
560 , 439 , 522 , 435 , 532 , 359
561 , 439 , 523 , 436 , 532 , 360
561 , 439 , 523 , 436 , 532 , 360
561 , 439 , 524 , 436 , 531 , 360
562 , 439 , 524 , 437 , 531 , 360
562 , 439 , 526 , 437 , 531 , 360
562 , 439 , 526 , 437 , 530 , 360
561 , 439 , 522 , 436 , 528 , 360
560 , 438 , 521 , 435 , 527 , 359
560 , 438 , 520 , 435 , 527 , 359
560 , 438 , 520 , 435 , 527 , 359
560 , 437 , 520 , 435 , 527 , 359
560 , 437 , 520 , 435 , 527 , 359
560 , 437 , 520 , 435 , 527 , 359
560 , 437 , 520 , 435 , 527 , 359
560 , 437 , 520 , 435 , 527 , 359
560 , 438 , 520 , 435 , 527 , 359
560 , 437 , 520 , 435 , 527 , 359
560 , 438 , 521 , 435 , 527 , 359
561 , 438 , 523 , 437 , 528 , 360
560 , 438 , 523 , 436 , 527 , 360
560 , 438 , 520 , 435 , 526 , 359
560 , 437 , 520 , 435 , 526 , 359
560 , 437 , 521 , 436 , 526 , 359
560 , 437 , 521 , 436 , 526 , 359
560 , 437 , 521 , 435 , 525 , 359
560 , 437 , 522 , 436 , 525 , 359
560 , 437 , 522 , 436 , 525 , 359
560 , 436 , 522 , 436 , 525 , 359
560 , 436 , 523 , 436 , 525 , 360
560 , 436 , 523 , 437 , 524 , 360
560 , 436 , 524 , 437 , 524 , 360
560 , 436 , 524 , 437 , 524 , 360
561 , 436 , 525 , 438 , 524 , 360
561 , 437 , 525 , 438 , 524 , 360
563 , 437 , 527 , 438 , 526 , 360
566 , 438 , 527 , 438 , 527 , 361
567 , 438 , 530 , 439 , 528 , 363
568 , 439 , 531 , 440 , 528 , 363
569 , 439 , 531 , 440 , 528 , 363
568 , 439 , 531 , 440 , 528 , 363
568 , 438 , 530 , 439 , 527 , 363
568 , 438 , 529 , 439 , 527 , 363
567 , 437 , 529 , 439 , 527 , 362
567 , 437 , 528 , 439 , 526 , 362
567 , 437 , 529 , 439 , 526 , 362
567 , 437 , 529 , 439 , 526 , 363
568 , 437 , 530 , 439 , 527 , 363
568 , 437 , 530 , 440 , 527 , 364
568 , 437 , 530 , 440 , 526 , 364
568 , 437 , 530 , 439 , 526 , 363
568 , 437 , 531 , 440 , 526 , 364
568 , 438 , 532 , 440 , 527 , 364
571 , 439 , 535 , 442 , 528 , 366
574 , 441 , 536 , 444 , 530 , 368
575 , 443 , 536 , 447 , 529 , 370
575 , 443 , 536 , 447 , 530 , 370
575 , 443 , 536 , 447 , 530 , 369
575 , 443 , 536 , 447 , 530 , 369
575 , 443 , 536 , 447 , 530 , 370
575 , 443 , 536 , 447 , 530 , 370
575 , 443 , 536 , 447 , 530 , 369
575 , 443 , 536 , 447 , 530 , 370
575 , 443 , 536 , 447 , 530 , 369
575 , 443 , 536 , 447 , 531 , 369
575 , 443 , 536 , 446 , 531 , 369
575 , 442 , 536 , 446 , 531 , 368
575 , 442 , 537 , 447 , 531 , 369
575 , 443 , 537 , 447 , 531 , 369
576 , 443 , 538 , 447 , 529 , 371
576 , 442 , 538 , 447 , 529 , 371
576 , 442 , 538 , 448 , 528 , 372
576 , 442 , 538 , 448 , 528 , 372
576 , 442 , 538 , 448 , 528 , 372
576 , 442 , 538 , 448 , 528 , 372
576 , 442 , 539 , 448 , 528 , 372
576 , 442 , 539 , 448 , 528 , 372
576 , 442 , 539 , 448 , 528 , 373
576 , 442 , 539 , 448 , 528 , 373
576 , 442 , 539 , 448 , 528 , 373
576 , 442 , 539 , 448 , 528 , 373
576 , 442 , 540 , 448 , 528 , 373
576 , 441 , 540 , 448 , 528 , 373
576 , 441 , 540 , 448 , 528 , 373
576 , 441 , 540 , 448 , 528 , 373
576 , 441 , 540 , 448 , 528 , 372
576 , 441 , 540 , 448 , 528 , 372
576 , 441 , 540 , 448 , 528 , 372
576 , 442 , 539 , 448 , 528 , 372
576 , 442 , 539 , 448 , 528 , 372
576 , 442 , 540 , 448 , 528 , 372
576 , 442 , 540 , 448 , 528 , 372
576 , 442 , 540 , 448 , 528 , 372
576 , 442 , 540 , 448 , 528 , 373
576 , 441 , 540 , 448 , 528 , 373
576 , 441 , 540 , 448 , 528 , 373
577 , 441 , 540 , 448 , 528 , 373
577 , 441 , 541 , 448 , 528 , 373
577 , 441 , 541 , 448 , 528 , 373
577 , 440 , 541 , 448 , 528 , 372
578 , 440 , 541 , 448 , 528 , 372
578 , 440 , 541 , 448 , 528 , 372
578 , 440 , 541 , 448 , 528 , 372
578 , 440 , 541 , 448 , 528 , 372
578 , 440 , 541 , 448 , 528 , 372
578 , 440 , 541 , 448 , 528 , 373
578 , 440 , 541 , 448 , 528 , 373
578 , 440 , 542 , 448 , 528 , 373
579 , 440 , 542 , 448 , 528 , 373
579 , 440 , 542 , 448 , 528 , 373
579 , 440 , 542 , 448 , 528 , 373
579 , 440 , 542 , 448 , 528 , 372
580 , 440 , 543 , 447 , 528 , 372
580 , 440 , 543 , 447 , 528 , 372
580 , 440 , 543 , 447 , 528 , 372
580 , 440 , 543 , 447 , 528 , 372
580 , 440 , 543 , 447 , 528 , 371
580 , 440 , 543 , 446 , 528 , 371
580 , 439 , 543 , 446 , 528 , 370
580 , 439 , 543 , 445 , 528 , 370
579 , 438 , 543 , 445 , 528 , 369
579 , 438 , 543 , 445 , 527 , 369
580 , 438 , 543 , 445 , 527 , 370
580 , 438 , 543 , 445 , 527 , 370
579 , 437 , 543 , 445 , 527 , 370
579 , 437 , 543 , 444 , 526 , 369
578 , 435 , 543 , 444 , 526 , 369
577 , 435 , 543 , 444 , 525 , 368
577 , 434 , 542 , 443 , 524 , 368
577 , 434 , 542 , 443 , 522 , 368
577 , 433 , 542 , 443 , 522 , 368
577 , 433 , 542 , 443 , 521 , 369
577 , 433 , 542 , 443 , 521 , 369
577 , 432 , 543 , 443 , 521 , 369
578 , 432 , 543 , 443 , 520 , 370
578 , 432 , 543 , 443 , 520 , 370
578 , 432 , 543 , 443 , 520 , 370
578 , 431 , 543 , 442 , 519 , 370
577 , 431 , 542 , 442 , 519 , 370
577 , 431 , 542 , 442 , 518 , 370
577 , 431 , 543 , 442 , 518 , 370
577 , 430 , 543 , 442 , 517 , 370
577 , 430 , 543 , 442 , 516 , 370
577 , 430 , 543 , 443 , 517 , 371
578 , 431 , 543 , 443 , 517 , 372
578 , 431 , 544 , 443 , 516 , 373
578 , 430 , 544 , 443 , 515 , 373
578 , 430 , 543 , 443 , 514 , 373
577 , 429 , 543 , 443 , 514 , 373
577 , 429 , 544 , 443 , 513 , 373
578 , 429 , 544 , 443 , 514 , 374
580 , 429 , 544 , 444 , 515 , 375
582 , 429 , 545 , 444 , 516 , 375
582 , 429 , 546 , 445 , 517 , 375
583 , 430 , 548 , 446 , 517 , 375
583 , 430 , 549 , 447 , 518 , 376
584 , 431 , 550 , 447 , 519 , 377
584 , 432 , 551 , 448 , 519 , 378
584 , 432 , 551 , 448 , 519 , 379
584 , 432 , 551 , 448 , 520 , 379
584 , 433 , 551 , 449 , 520 , 379
584 , 433 , 551 , 449 , 519 , 380
584 , 434 , 551 , 449 , 519 , 380
584 , 433 , 551 , 449 , 519 , 380
584 , 434 , 551 , 449 , 519 , 380
584 , 433 , 551 , 449 , 520 , 379
585 , 432 , 551 , 448 , 520 , 379
585 , 432 , 551 , 448 , 520 , 378
586 , 432 , 551 , 448 , 520 , 378
586 , 432 , 552 , 448 , 520 , 377
586 , 432 , 552 , 447 , 520 , 377
586 , 431 , 552 , 447 , 521 , 377
587 , 432 , 553 , 447 , 521 , 377
587 , 432 , 553 , 447 , 521 , 377
587 , 432 , 553 , 447 , 521 , 377
587 , 432 , 552 , 447 , 520 , 377
587 , 431 , 552 , 447 , 520 , 377
587 , 431 , 552 , 447 , 520 , 377
587 , 431 , 552 , 447 , 520 , 377
587 , 431 , 553 , 447 , 521 , 377
587 , 431 , 553 , 447 , 520 , 377
587 , 431 , 553 , 447 , 520 , 377
586 , 431 , 552 , 447 , 520 , 377
586 , 431 , 552 , 446 , 519 , 377
586 , 430 , 552 , 446 , 519 , 377
586 , 430 , 552 , 446 , 519 , 377
586 , 430 , 552 , 446 , 519 , 377
586 , 430 , 552 , 446 , 519 , 377
586 , 430 , 552 , 446 , 519 , 377
586 , 429 , 552 , 446 , 519 , 377
585 , 429 , 552 , 446 , 519 , 377
585 , 429 , 552 , 446 , 519 , 377
586 , 429 , 553 , 446 , 519 , 378
586 , 429 , 553 , 447 , 519 , 378
586 , 430 , 553 , 447 , 519 , 378
586 , 429 , 553 , 447 , 519 , 378
586 , 429 , 553 , 447 , 519 , 378
587 , 430 , 553 , 447 , 519 , 378
587 , 430 , 553 , 447 , 519 , 379
587 , 430 , 553 , 447 , 519 , 379
586 , 429 , 553 , 447 , 519 , 379
586 , 428 , 553 , 447 , 519 , 378
586 , 427 , 553 , 447 , 519 , 378
586 , 427 , 554 , 447 , 519 , 379
588 , 428 , 554 , 447 , 519 , 379
589 , 429 , 555 , 447 , 519 , 380
589 , 429 , 556 , 447 , 519 , 381
590 , 429 , 557 , 448 , 519 , 382
590 , 430 , 557 , 448 , 519 , 382
591 , 430 , 557 , 448 , 519 , 382
591 , 429 , 558 , 448 , 519 , 382
591 , 430 , 558 , 448 , 519 , 383
591 , 429 , 559 , 448 , 519 , 383
591 , 429 , 559 , 449 , 519 , 384
591 , 429 , 559 , 449 , 519 , 384
591 , 429 , 559 , 449 , 519 , 384
592 , 429 , 560 , 449 , 519 , 384
592 , 428 , 560 , 449 , 519 , 385
592 , 428 , 560 , 449 , 519 , 385
592 , 428 , 560 , 449 , 519 , 385
592 , 427 , 561 , 448 , 519 , 385
592 , 427 , 561 , 448 , 519 , 385
592 , 427 , 561 , 448 , 519 , 386
592 , 426 , 561 , 448 , 519 , 386
592 , 426 , 561 , 448 , 519 , 386
592 , 426 , 561 , 448 , 518 , 386
592 , 425 , 561 , 448 , 518 , 386
592 , 425 , 562 , 448 , 517 , 387
592 , 425 , 562 , 448 , 517 , 387
592 , 424 , 562 , 448 , 516 , 387
592 , 424 , 562 , 448 , 516 , 387
592 , 424 , 562 , 448 , 515 , 388
592 , 424 , 562 , 448 , 515 , 388
592 , 423 , 563 , 448 , 514 , 389
592 , 423 , 563 , 448 , 514 , 389
592 , 423 , 563 , 447 , 513 , 389
592 , 422 , 563 , 447 , 513 , 389
592 , 422 , 564 , 447 , 513 , 390
592 , 422 , 564 , 447 , 513 , 390
592 , 422 , 564 , 447 , 513 , 390
592 , 422 , 564 , 447 , 513 , 390
592 , 422 , 564 , 447 , 513 , 390
592 , 422 , 564 , 447 , 513 , 390
592 , 422 , 564 , 447 , 513 , 390
592 , 421 , 564 , 447 , 513 , 390
592 , 421 , 564 , 447 , 513 , 390
592 , 421 , 565 , 447 , 513 , 390
592 , 421 , 565 , 447 , 513 , 390
592 , 421 , 565 , 447 , 513 , 390
592 , 421 , 565 , 447 , 513 , 390
592 , 421 , 565 , 447 , 513 , 390
592 , 421 , 565 , 447 , 513 , 390
592 , 421 , 565 , 447 , 513 , 390
592 , 420 , 565 , 447 , 513 , 391
592 , 420 , 566 , 447 , 513 , 391
592 , 420 , 566 , 447 , 513 , 391
592 , 420 , 566 , 447 , 513 , 391
592 , 420 , 566 , 447 , 513 , 391
592 , 420 , 566 , 447 , 513 , 391
592 , 420 , 567 , 447 , 513 , 392
592 , 419 , 567 , 447 , 513 , 392
592 , 419 , 567 , 447 , 513 , 392
592 , 419 , 567 , 447 , 513 , 392
592 , 419 , 567 , 446 , 513 , 392
593 , 418 , 567 , 446 , 513 , 392
593 , 418 , 567 , 446 , 512 , 392
593 , 417 , 567 , 446 , 512 , 392
593 , 417 , 568 , 446 , 512 , 392
593 , 417 , 568 , 446 , 512 , 393
593 , 417 , 568 , 446 , 512 , 393
593 , 416 , 568 , 446 , 512 , 393
594 , 416 , 568 , 446 , 512 , 393
594 , 416 , 568 , 446 , 512 , 393
594 , 416 , 568 , 446 , 512 , 393
594 , 416 , 568 , 446 , 512 , 394
594 , 416 , 568 , 446 , 512 , 394
594 , 416 , 568 , 446 , 512 , 394
594 , 416 , 568 , 446 , 512 , 394
594 , 416 , 569 , 446 , 512 , 394
594 , 416 , 569 , 446 , 512 , 395
593 , 416 , 568 , 446 , 511 , 395
594 , 416 , 569 , 446 , 512 , 396
594 , 416 , 569 , 446 , 512 , 396
594 , 416 , 569 , 446 , 512 , 396
594 , 416 , 569 , 446 , 511 , 396
594 , 416 , 569 , 446 , 511 , 396
593 , 416 , 568 , 446 , 511 , 396
593 , 416 , 568 , 446 , 511 , 396
593 , 415 , 568 , 446 , 511 , 396
593 , 415 , 568 , 446 , 511 , 397
593 , 415 , 569 , 446 , 511 , 397
593 , 415 , 569 , 446 , 511 , 398
593 , 415 , 569 , 446 , 511 , 398
593 , 415 , 569 , 446 , 510 , 399
593 , 415 , 570 , 446 , 510 , 399
593 , 415 , 570 , 446 , 510 , 399
593 , 415 , 571 , 446 , 510 , 399
593 , 414 , 571 , 446 , 510 , 400
593 , 414 , 572 , 446 , 510 , 400
593 , 414 , 572 , 446 , 510 , 400
591 , 409 , 572 , 440 , 504 , 402
590 , 408 , 571 , 440 , 504 , 402
590 , 408 , 570 , 440 , 504 , 403
590 , 408 , 571 , 440 , 504 , 403
590 , 408 , 571 , 440 , 504 , 403
590 , 408 , 571 , 440 , 504 , 404
590 , 408 , 572 , 440 , 504 , 404
591 , 408 , 572 , 441 , 504 , 405
590 , 408 , 572 , 441 , 504 , 405
590 , 408 , 572 , 441 , 504 , 405
590 , 409 , 572 , 441 , 504 , 405
591 , 409 , 572 , 442 , 504 , 406
593 , 414 , 573 , 446 , 510 , 400
593 , 414 , 573 , 446 , 510 , 400
593 , 414 , 573 , 446 , 510 , 400
593 , 414 , 573 , 445 , 510 , 401
593 , 414 , 574 , 445 , 510 , 401
593 , 414 , 574 , 445 , 510 , 401
593 , 413 , 574 , 445 , 510 , 401
593 , 413 , 575 , 445 , 511 , 401
593 , 413 , 575 , 444 , 511 , 401
593 , 412 , 575 , 444 , 511 , 402
592 , 412 , 575 , 444 , 510 , 402
592 , 411 , 575 , 444 , 510 , 402
592 , 411 , 575 , 443 , 510 , 402
592 , 410 , 575 , 443 , 509 , 402
592 , 410 , 575 , 442 , 509 , 402
592 , 410 , 575 , 442 , 508 , 402
592 , 410 , 574 , 442 , 508 , 402
592 , 410 , 574 , 441 , 507 , 402
591 , 409 , 573 , 441 , 506 , 402
591 , 409 , 573 , 441 , 505 , 402
591 , 409 , 572 , 441 , 505 , 402
591 , 409 , 573 , 442 , 505 , 406
591 , 409 , 574 , 442 , 505 , 406
591 , 409 , 575 , 442 , 506 , 407
591 , 409 , 575 , 442 , 506 , 407
591 , 409 , 575 , 442 , 506 , 407
591 , 409 , 575 , 442 , 506 , 407
591 , 409 , 575 , 442 , 506 , 407
591 , 409 , 575 , 442 , 506 , 407
591 , 409 , 575 , 442 , 505 , 407
591 , 409 , 575 , 442 , 505 , 407
591 , 408 , 575 , 442 , 505 , 407
591 , 409 , 575 , 442 , 505 , 407
591 , 409 , 575 , 442 , 505 , 407
591 , 409 , 575 , 442 , 505 , 407
591 , 409 , 575 , 442 , 505 , 407
591 , 409 , 575 , 442 , 505 , 407
591 , 409 , 575 , 442 , 505 , 407
591 , 409 , 575 , 442 , 506 , 408
591 , 409 , 575 , 443 , 506 , 408
591 , 409 , 575 , 443 , 505 , 408
591 , 409 , 575 , 443 , 506 , 408
591 , 408 , 575 , 443 , 505 , 408
591 , 408 , 575 , 443 , 505 , 408
591 , 408 , 575 , 443 , 505 , 409
591 , 408 , 575 , 443 , 505 , 409
591 , 408 , 575 , 443 , 505 , 409
591 , 408 , 575 , 443 , 505 , 409
591 , 408 , 575 , 443 , 505 , 410
591 , 408 , 575 , 442 , 505 , 410
591 , 407 , 576 , 442 , 505 , 411
591 , 407 , 576 , 442 , 505 , 411
591 , 407 , 576 , 442 , 504 , 412
591 , 407 , 576 , 442 , 504 , 413
591 , 407 , 576 , 441 , 504 , 413
591 , 406 , 576 , 441 , 504 , 413
591 , 406 , 576 , 441 , 505 , 414
591 , 406 , 576 , 441 , 505 , 414
591 , 406 , 576 , 441 , 505 , 414
591 , 406 , 577 , 440 , 505 , 415
591 , 405 , 577 , 440 , 506 , 415
591 , 405 , 577 , 440 , 506 , 415
591 , 405 , 577 , 440 , 505 , 415
591 , 405 , 578 , 440 , 506 , 415
591 , 405 , 578 , 440 , 505 , 415
591 , 405 , 578 , 440 , 505 , 415
591 , 405 , 578 , 440 , 506 , 416
591 , 404 , 578 , 440 , 506 , 416
591 , 404 , 579 , 440 , 505 , 416
591 , 404 , 579 , 440 , 506 , 416
591 , 404 , 579 , 440 , 506 , 416
591 , 403 , 579 , 440 , 506 , 416
591 , 403 , 580 , 440 , 506 , 416
591 , 403 , 580 , 440 , 506 , 416
591 , 403 , 580 , 440 , 506 , 416
591 , 403 , 580 , 440 , 506 , 417
591 , 403 , 579 , 440 , 505 , 417
591 , 403 , 579 , 440 , 505 , 417
591 , 403 , 579 , 440 , 505 , 417
591 , 403 , 579 , 440 , 505 , 417
591 , 403 , 579 , 440 , 505 , 418
591 , 403 , 579 , 440 , 505 , 418
591 , 403 , 580 , 440 , 505 , 418
591 , 403 , 580 , 440 , 505 , 419
591 , 402 , 580 , 440 , 505 , 419
591 , 402 , 580 , 439 , 505 , 420
591 , 401 , 581 , 439 , 505 , 420
591 , 401 , 581 , 439 , 506 , 420
591 , 401 , 582 , 439 , 506 , 421
590 , 401 , 582 , 439 , 506 , 421
590 , 400 , 582 , 438 , 507 , 422
591 , 400 , 583 , 438 , 508 , 422
590 , 400 , 583 , 438 , 508 , 423
590 , 400 , 583 , 438 , 508 , 423
590 , 400 , 583 , 437 , 508 , 423
590 , 400 , 583 , 437 , 508 , 423
590 , 399 , 583 , 437 , 508 , 423
590 , 399 , 583 , 437 , 508 , 423
590 , 399 , 584 , 437 , 509 , 423
590 , 399 , 584 , 437 , 509 , 423
590 , 399 , 584 , 436 , 509 , 423
590 , 399 , 584 , 436 , 509 , 423
590 , 399 , 584 , 436 , 509 , 424
590 , 399 , 584 , 436 , 509 , 424
590 , 399 , 584 , 436 , 509 , 424
590 , 399 , 584 , 436 , 509 , 424
590 , 398 , 584 , 436 , 509 , 424
590 , 398 , 584 , 435 , 509 , 424
590 , 398 , 584 , 435 , 509 , 424
590 , 398 , 584 , 435 , 509 , 424
590 , 398 , 584 , 435 , 509 , 424
590 , 398 , 584 , 435 , 509 , 424
590 , 398 , 584 , 435 , 510 , 425
590 , 398 , 584 , 435 , 510 , 425
590 , 398 , 584 , 435 , 510 , 425
590 , 398 , 584 , 434 , 510 , 425
590 , 397 , 584 , 434 , 510 , 426
590 , 397 , 584 , 434 , 510 , 426
590 , 397 , 585 , 433 , 511 , 426
590 , 396 , 585 , 433 , 511 , 426
590 , 395 , 585 , 433 , 510 , 426
589 , 395 , 585 , 432 , 510 , 425
588 , 393 , 584 , 432 , 509 , 424
586 , 393 , 584 , 432 , 508 , 424
583 , 392 , 580 , 431 , 504 , 424
580 , 392 , 576 , 430 , 501 , 423
573 , 391 , 568 , 428 , 494 , 422
571 , 391 , 568 , 428 , 493 , 423
574 , 390 , 569 , 427 , 495 , 421
575 , 389 , 572 , 426 , 496 , 421
576 , 388 , 575 , 426 , 497 , 421
576 , 388 , 575 , 426 , 498 , 421
578 , 387 , 576 , 425 , 501 , 420
578 , 387 , 576 , 425 , 502 , 420
580 , 386 , 577 , 424 , 503 , 420
581 , 385 , 578 , 424 , 503 , 420
581 , 385 , 579 , 424 , 503 , 420
581 , 385 , 579 , 424 , 503 , 420
581 , 384 , 579 , 424 , 503 , 420
581 , 384 , 579 , 424 , 503 , 420
581 , 384 , 579 , 424 , 503 , 420
581 , 384 , 579 , 424 , 503 , 421
581 , 384 , 579 , 424 , 503 , 421
580 , 384 , 579 , 424 , 503 , 421
580 , 384 , 580 , 424 , 503 , 422
580 , 384 , 580 , 424 , 503 , 422
579 , 384 , 579 , 423 , 503 , 422
579 , 384 , 579 , 423 , 503 , 423
578 , 384 , 579 , 423 , 503 , 423
578 , 384 , 579 , 423 , 503 , 423
576 , 384 , 578 , 423 , 502 , 424
576 , 384 , 577 , 423 , 502 , 424
575 , 384 , 577 , 423 , 501 , 424
575 , 384 , 577 , 423 , 501 , 424
575 , 384 , 577 , 422 , 502 , 425
576 , 384 , 577 , 422 , 502 , 425
576 , 383 , 578 , 422 , 503 , 425
576 , 383 , 578 , 422 , 503 , 425
576 , 383 , 579 , 422 , 503 , 425
576 , 383 , 579 , 422 , 503 , 425
576 , 383 , 579 , 421 , 503 , 426
576 , 383 , 579 , 421 , 503 , 426
576 , 382 , 579 , 421 , 503 , 426
576 , 382 , 580 , 420 , 503 , 426
576 , 382 , 580 , 420 , 503 , 426
575 , 382 , 580 , 420 , 503 , 427
575 , 382 , 579 , 420 , 503 , 427
575 , 382 , 579 , 419 , 503 , 427
575 , 382 , 580 , 419 , 504 , 428
575 , 382 , 580 , 418 , 504 , 428
575 , 382 , 580 , 418 , 504 , 429
575 , 382 , 580 , 418 , 504 , 429
575 , 381 , 581 , 417 , 504 , 429
575 , 381 , 582 , 417 , 504 , 429
575 , 381 , 582 , 417 , 505 , 430
575 , 381 , 583 , 417 , 505 , 430
576 , 380 , 583 , 417 , 506 , 431
576 , 380 , 583 , 417 , 506 , 431
576 , 380 , 583 , 417 , 507 , 431
576 , 380 , 583 , 417 , 507 , 431
576 , 379 , 583 , 416 , 508 , 431
576 , 379 , 583 , 416 , 508 , 431
576 , 379 , 584 , 416 , 509 , 431
576 , 378 , 584 , 416 , 509 , 431
576 , 378 , 584 , 415 , 509 , 431
576 , 378 , 584 , 415 , 509 , 431
576 , 378 , 584 , 415 , 509 , 431
576 , 378 , 584 , 415 , 509 , 431
575 , 378 , 584 , 415 , 509 , 431
575 , 378 , 584 , 415 , 509 , 432
575 , 377 , 583 , 415 , 509 , 432
575 , 377 , 583 , 415 , 509 , 432
574 , 377 , 583 , 415 , 509 , 432
573 , 377 , 583 , 415 , 508 , 432
570 , 377 , 581 , 415 , 506 , 432
569 , 377 , 580 , 415 , 505 , 433
568 , 378 , 579 , 415 , 504 , 434
568 , 378 , 578 , 415 , 504 , 435
567 , 379 , 576 , 415 , 503 , 436
564 , 379 , 575 , 416 , 502 , 437
560 , 381 , 570 , 416 , 497 , 439
558 , 382 , 568 , 417 , 495 , 439
554 , 383 , 567 , 417 , 493 , 440
555 , 382 , 567 , 417 , 494 , 440
557 , 382 , 568 , 416 , 495 , 440
557 , 382 , 568 , 416 , 495 , 440
555 , 382 , 567 , 416 , 494 , 440
554 , 382 , 567 , 416 , 494 , 440
554 , 382 , 567 , 416 , 494 , 440
553 , 382 , 567 , 416 , 494 , 440
552 , 382 , 566 , 416 , 493 , 440
552 , 381 , 566 , 416 , 493 , 440
552 , 381 , 566 , 416 , 493 , 440
552 , 381 , 565 , 416 , 493 , 440
552 , 381 , 565 , 416 , 492 , 440
551 , 381 , 564 , 416 , 492 , 440
551 , 381 , 564 , 416 , 492 , 440
552 , 381 , 566 , 416 , 494 , 441
553 , 381 , 567 , 416 , 495 , 442
552 , 381 , 567 , 416 , 495 , 442
552 , 380 , 567 , 415 , 496 , 442
553 , 380 , 568 , 415 , 496 , 441
553 , 379 , 568 , 415 , 496 , 441
553 , 379 , 568 , 414 , 496 , 441
553 , 378 , 568 , 414 , 496 , 441
553 , 378 , 568 , 414 , 497 , 441
555 , 377 , 569 , 414 , 499 , 441
555 , 377 , 569 , 414 , 499 , 441
554 , 377 , 569 , 414 , 499 , 441
555 , 377 , 569 , 414 , 500 , 441
558 , 377 , 574 , 413 , 503 , 442
559 , 377 , 575 , 412 , 504 , 442
560 , 376 , 576 , 411 , 506 , 441
561 , 376 , 576 , 410 , 508 , 441
562 , 376 , 577 , 409 , 510 , 441
561 , 376 , 577 , 409 , 509 , 441
560 , 376 , 576 , 410 , 508 , 442
559 , 376 , 576 , 410 , 507 , 442
559 , 376 , 575 , 409 , 506 , 443
558 , 375 , 575 , 409 , 506 , 444
557 , 375 , 575 , 408 , 505 , 444
557 , 375 , 575 , 408 , 506 , 444
558 , 375 , 576 , 407 , 509 , 444
559 , 374 , 577 , 407 , 511 , 443
560 , 372 , 581 , 407 , 512 , 442
562 , 371 , 583 , 405 , 515 , 440
566 , 369 , 584 , 403 , 518 , 440
566 , 369 , 584 , 402 , 519 , 440
566 , 368 , 585 , 401 , 520 , 440
566 , 368 , 585 , 400 , 520 , 440
566 , 368 , 585 , 400 , 521 , 440
565 , 368 , 585 , 400 , 521 , 440
565 , 368 , 585 , 399 , 521 , 440
564 , 368 , 585 , 399 , 522 , 440
564 , 367 , 585 , 399 , 522 , 440
564 , 368 , 585 , 399 , 522 , 440
563 , 367 , 585 , 398 , 522 , 440
563 , 367 , 585 , 398 , 523 , 440
563 , 367 , 585 , 398 , 523 , 440
562 , 367 , 584 , 398 , 523 , 440
562 , 367 , 584 , 397 , 523 , 440
562 , 367 , 584 , 397 , 524 , 440
562 , 367 , 584 , 397 , 524 , 441
561 , 367 , 584 , 397 , 524 , 441
561 , 367 , 584 , 396 , 525 , 441
561 , 367 , 584 , 396 , 525 , 441
561 , 366 , 584 , 395 , 526 , 442
560 , 366 , 584 , 395 , 526 , 442
560 , 366 , 584 , 395 , 526 , 442
560 , 366 , 584 , 395 , 526 , 442
560 , 366 , 584 , 394 , 527 , 442
560 , 365 , 584 , 394 , 527 , 442
560 , 365 , 584 , 394 , 527 , 442
560 , 365 , 584 , 394 , 527 , 443
559 , 365 , 584 , 394 , 527 , 443
559 , 365 , 584 , 393 , 527 , 443
559 , 365 , 584 , 393 , 527 , 443
559 , 365 , 584 , 393 , 527 , 443
559 , 365 , 583 , 393 , 527 , 443
559 , 365 , 583 , 392 , 527 , 443
559 , 365 , 583 , 392 , 527 , 444
559 , 365 , 583 , 392 , 527 , 444
559 , 365 , 583 , 392 , 527 , 444
559 , 365 , 583 , 392 , 527 , 444
558 , 365 , 583 , 391 , 527 , 444
558 , 365 , 583 , 391 , 527 , 444
557 , 365 , 583 , 391 , 528 , 444
557 , 364 , 583 , 391 , 528 , 444
556 , 364 , 583 , 391 , 528 , 444
555 , 364 , 583 , 391 , 528 , 445
554 , 364 , 583 , 390 , 528 , 445
553 , 364 , 583 , 390 , 528 , 445
553 , 363 , 583 , 390 , 528 , 445
553 , 363 , 583 , 390 , 528 , 445
552 , 363 , 583 , 389 , 529 , 446
552 , 363 , 583 , 389 , 529 , 446
552 , 363 , 583 , 389 , 530 , 446
552 , 363 , 583 , 389 , 530 , 446
552 , 363 , 583 , 389 , 530 , 446
552 , 363 , 583 , 389 , 530 , 446
552 , 363 , 583 , 388 , 531 , 446
552 , 363 , 583 , 388 , 531 , 446
552 , 363 , 583 , 388 , 531 , 447
552 , 363 , 583 , 388 , 531 , 447
552 , 363 , 583 , 387 , 532 , 447
552 , 363 , 583 , 387 , 533 , 447
552 , 363 , 583 , 387 , 533 , 447
552 , 363 , 583 , 386 , 533 , 447
551 , 363 , 583 , 386 , 534 , 446
551 , 363 , 583 , 386 , 534 , 446
551 , 363 , 582 , 385 , 534 , 446
551 , 363 , 582 , 385 , 535 , 446
551 , 362 , 582 , 384 , 535 , 446
551 , 362 , 581 , 384 , 535 , 446
551 , 362 , 581 , 384 , 535 , 446
551 , 362 , 581 , 384 , 535 , 446
551 , 362 , 581 , 384 , 535 , 446
551 , 362 , 581 , 384 , 536 , 446
551 , 362 , 581 , 384 , 536 , 446
551 , 362 , 581 , 384 , 536 , 446
550 , 362 , 581 , 384 , 536 , 447
550 , 362 , 581 , 384 , 536 , 447
550 , 362 , 581 , 384 , 537 , 447
550 , 362 , 581 , 384 , 537 , 447
550 , 362 , 581 , 384 , 538 , 447
550 , 362 , 581 , 384 , 538 , 447
549 , 362 , 581 , 384 , 538 , 447
549 , 362 , 581 , 383 , 538 , 447
549 , 362 , 581 , 383 , 539 , 447
549 , 362 , 580 , 383 , 539 , 447
548 , 362 , 580 , 383 , 539 , 447
548 , 362 , 580 , 383 , 540 , 447
547 , 362 , 580 , 383 , 540 , 447
547 , 362 , 580 , 383 , 540 , 447
546 , 362 , 580 , 383 , 541 , 447
546 , 362 , 580 , 383 , 541 , 447
545 , 362 , 579 , 383 , 541 , 447
545 , 362 , 579 , 383 , 541 , 447
545 , 362 , 579 , 382 , 542 , 447
544 , 362 , 578 , 382 , 542 , 447
544 , 362 , 578 , 382 , 542 , 447
544 , 362 , 578 , 381 , 542 , 447
544 , 362 , 577 , 380 , 542 , 447
544 , 362 , 577 , 380 , 543 , 447
544 , 362 , 577 , 380 , 543 , 447
544 , 362 , 576 , 379 , 543 , 447
544 , 362 , 576 , 379 , 543 , 447
543 , 362 , 576 , 379 , 543 , 447
543 , 362 , 576 , 378 , 543 , 447
543 , 362 , 576 , 378 , 544 , 447
543 , 362 , 576 , 378 , 544 , 447
543 , 362 , 576 , 378 , 544 , 447
543 , 362 , 576 , 377 , 544 , 447
543 , 362 , 576 , 377 , 545 , 447
543 , 361 , 576 , 377 , 545 , 447
543 , 362 , 576 , 377 , 545 , 447
543 , 361 , 576 , 377 , 546 , 447
543 , 361 , 576 , 377 , 546 , 447
542 , 361 , 576 , 376 , 547 , 447
542 , 362 , 576 , 376 , 547 , 447
542 , 362 , 576 , 376 , 548 , 447
542 , 362 , 576 , 376 , 548 , 447
542 , 362 , 576 , 376 , 549 , 447
542 , 362 , 576 , 376 , 549 , 447
542 , 362 , 576 , 376 , 550 , 447
541 , 363 , 576 , 376 , 550 , 447
541 , 363 , 576 , 376 , 551 , 448
541 , 363 , 576 , 376 , 551 , 448
540 , 363 , 576 , 375 , 551 , 448
540 , 363 , 576 , 375 , 551 , 448
540 , 364 , 576 , 375 , 552 , 448
540 , 364 , 576 , 375 , 552 , 448
541 , 365 , 576 , 375 , 553 , 448
542 , 365 , 577 , 375 , 553 , 448
542 , 365 , 577 , 375 , 554 , 448
542 , 365 , 577 , 375 , 555 , 448
542 , 366 , 578 , 376 , 556 , 448
543 , 366 , 578 , 375 , 556 , 448
543 , 366 , 578 , 375 , 557 , 448
543 , 366 , 578 , 375 , 557 , 448
543 , 366 , 578 , 375 , 558 , 448
543 , 366 , 578 , 375 , 558 , 448
543 , 366 , 579 , 375 , 559 , 449
543 , 366 , 579 , 375 , 559 , 449
543 , 367 , 580 , 376 , 559 , 449
543 , 367 , 580 , 376 , 559 , 449
543 , 367 , 580 , 376 , 560 , 450
543 , 367 , 580 , 376 , 560 , 450
543 , 367 , 580 , 376 , 560 , 450
543 , 367 , 580 , 376 , 560 , 450
543 , 367 , 580 , 376 , 560 , 450
543 , 368 , 580 , 376 , 560 , 450
543 , 368 , 580 , 376 , 560 , 451
543 , 368 , 580 , 376 , 561 , 451
543 , 369 , 581 , 376 , 562 , 453
543 , 370 , 581 , 376 , 563 , 453
543 , 371 , 581 , 377 , 564 , 454
543 , 371 , 581 , 377 , 564 , 455
543 , 371 , 581 , 377 , 565 , 455
544 , 371 , 581 , 377 , 565 , 455
544 , 372 , 581 , 377 , 565 , 454
544 , 372 , 581 , 377 , 565 , 454
544 , 372 , 581 , 377 , 566 , 454
544 , 372 , 581 , 377 , 566 , 454
543 , 372 , 581 , 377 , 566 , 454
543 , 372 , 581 , 377 , 566 , 454
544 , 372 , 581 , 377 , 566 , 454
543 , 372 , 581 , 377 , 566 , 454
543 , 372 , 581 , 377 , 566 , 454
543 , 372 , 581 , 377 , 566 , 454
543 , 372 , 581 , 377 , 566 , 454
543 , 372 , 581 , 377 , 566 , 454
543 , 372 , 581 , 377 , 567 , 454
543 , 372 , 581 , 377 , 567 , 454
543 , 372 , 581 , 377 , 567 , 454
543 , 372 , 581 , 377 , 567 , 454
543 , 373 , 580 , 377 , 567 , 454
543 , 373 , 580 , 377 , 567 , 454
543 , 373 , 581 , 377 , 567 , 454
543 , 373 , 581 , 377 , 568 , 454
543 , 374 , 581 , 378 , 568 , 454
543 , 374 , 580 , 378 , 567 , 454
543 , 374 , 580 , 379 , 567 , 455
543 , 374 , 581 , 379 , 568 , 455
543 , 374 , 582 , 379 , 568 , 455
544 , 374 , 583 , 379 , 569 , 455
543 , 374 , 583 , 380 , 568 , 455
543 , 374 , 582 , 380 , 568 , 455
543 , 375 , 581 , 381 , 568 , 455
543 , 375 , 580 , 381 , 567 , 456
542 , 375 , 579 , 382 , 567 , 456
542 , 375 , 579 , 382 , 567 , 456
542 , 375 , 579 , 382 , 566 , 456
542 , 375 , 579 , 382 , 566 , 456
542 , 375 , 578 , 382 , 566 , 456
542 , 375 , 578 , 382 , 566 , 456
542 , 375 , 579 , 382 , 566 , 456
542 , 375 , 579 , 382 , 566 , 456
543 , 375 , 580 , 382 , 566 , 456
543 , 375 , 580 , 382 , 566 , 456
542 , 375 , 579 , 383 , 566 , 456
542 , 375 , 580 , 383 , 566 , 456
543 , 375 , 581 , 382 , 566 , 456
543 , 375 , 581 , 382 , 566 , 456
543 , 375 , 581 , 382 , 566 , 456
543 , 375 , 581 , 382 , 566 , 456
544 , 375 , 582 , 382 , 567 , 456
545 , 374 , 583 , 380 , 569 , 455
545 , 374 , 584 , 380 , 569 , 455
544 , 374 , 583 , 380 , 568 , 455
544 , 374 , 583 , 380 , 568 , 455
545 , 374 , 584 , 380 , 569 , 455
546 , 374 , 584 , 380 , 569 , 455
546 , 374 , 584 , 380 , 569 , 455
547 , 374 , 584 , 379 , 570 , 455
547 , 374 , 584 , 379 , 570 , 455
547 , 374 , 584 , 379 , 570 , 455
548 , 374 , 584 , 379 , 570 , 455
548 , 374 , 584 , 379 , 570 , 455
547 , 374 , 584 , 379 , 570 , 455
547 , 374 , 584 , 379 , 570 , 455
547 , 374 , 584 , 379 , 570 , 455
547 , 374 , 584 , 379 , 570 , 455
546 , 374 , 584 , 379 , 570 , 455
546 , 374 , 584 , 379 , 570 , 455
546 , 374 , 584 , 379 , 570 , 455
546 , 374 , 584 , 379 , 569 , 455
546 , 374 , 584 , 379 , 569 , 455
545 , 374 , 583 , 379 , 569 , 455
544 , 374 , 583 , 379 , 569 , 455
544 , 374 , 583 , 379 , 569 , 455
544 , 374 , 583 , 379 , 569 , 455
545 , 374 , 583 , 379 , 570 , 455
545 , 374 , 583 , 379 , 570 , 455
544 , 374 , 583 , 379 , 570 , 455
544 , 374 , 583 , 378 , 571 , 455
545 , 374 , 583 , 378 , 572 , 455
545 , 374 , 583 , 378 , 572 , 455
545 , 374 , 583 , 378 , 573 , 455
545 , 374 , 583 , 378 , 573 , 455
544 , 374 , 583 , 378 , 573 , 455
545 , 374 , 583 , 378 , 574 , 454
545 , 374 , 583 , 378 , 574 , 454
545 , 374 , 583 , 377 , 575 , 454
545 , 375 , 584 , 377 , 575 , 453
546 , 375 , 584 , 377 , 576 , 453
545 , 374 , 584 , 377 , 576 , 453
545 , 374 , 584 , 377 , 576 , 453
545 , 374 , 583 , 376 , 576 , 453
40 , 84 , 565 , 375 , 576 , 453
32 , 88 , 564 , 375 , 576 , 453
32 , 94 , 582 , 376 , 576 , 453
543 , 375 , 582 , 376 , 577 , 452
543 , 375 , 581 , 375 , 577 , 452
543 , 375 , 581 , 375 , 577 , 452
542 , 375 , 581 , 375 , 578 , 451
542 , 375 , 580 , 375 , 580 , 451
542 , 375 , 580 , 375 , 580 , 450
542 , 375 , 579 , 375 , 581 , 450
541 , 375 , 579 , 375 , 582 , 450
542 , 375 , 580 , 375 , 583 , 450
542 , 375 , 580 , 375 , 583 , 450
542 , 375 , 580 , 375 , 583 , 450
542 , 375 , 580 , 375 , 583 , 450
542 , 375 , 580 , 375 , 583 , 450
542 , 375 , 580 , 375 , 583 , 450
542 , 375 , 580 , 375 , 583 , 450
542 , 375 , 581 , 375 , 583 , 450
543 , 375 , 581 , 375 , 583 , 450
542 , 375 , 581 , 375 , 583 , 450
542 , 375 , 580 , 375 , 583 , 450
542 , 375 , 580 , 375 , 583 , 450
542 , 375 , 580 , 375 , 583 , 450
542 , 375 , 581 , 375 , 583 , 450
542 , 375 , 580 , 375 , 583 , 450
542 , 375 , 580 , 375 , 583 , 450
542 , 375 , 580 , 375 , 583 , 450
542 , 375 , 580 , 375 , 583 , 450
542 , 375 , 580 , 375 , 583 , 450
542 , 375 , 580 , 375 , 583 , 450
542 , 375 , 580 , 375 , 583 , 450
542 , 375 , 580 , 375 , 583 , 450
542 , 375 , 580 , 375 , 583 , 450
542 , 375 , 580 , 375 , 583 , 450
542 , 375 , 579 , 375 , 583 , 450
541 , 375 , 579 , 375 , 583 , 450
541 , 376 , 579 , 375 , 583 , 450
541 , 376 , 579 , 375 , 583 , 450
541 , 376 , 579 , 375 , 584 , 450
541 , 376 , 579 , 375 , 583 , 450
541 , 376 , 578 , 375 , 584 , 450
541 , 376 , 578 , 374 , 583 , 450
540 , 376 , 577 , 374 , 583 , 450
540 , 376 , 577 , 374 , 583 , 449
540 , 376 , 578 , 374 , 584 , 449
541 , 376 , 578 , 374 , 584 , 449
540 , 376 , 577 , 374 , 584 , 449
540 , 376 , 577 , 374 , 584 , 449
540 , 376 , 577 , 374 , 584 , 449
540 , 376 , 577 , 374 , 584 , 449
540 , 376 , 577 , 373 , 584 , 449
540 , 376 , 576 , 373 , 584 , 449
540 , 376 , 576 , 373 , 584 , 449
539 , 376 , 576 , 373 , 584 , 449
539 , 376 , 576 , 373 , 584 , 449
539 , 376 , 576 , 373 , 584 , 449
539 , 376 , 576 , 373 , 584 , 449
539 , 376 , 576 , 373 , 584 , 449
539 , 376 , 576 , 373 , 584 , 449
539 , 376 , 576 , 373 , 584 , 449
539 , 376 , 576 , 373 , 584 , 449
538 , 376 , 576 , 373 , 584 , 449
538 , 376 , 576 , 373 , 583 , 449
537 , 376 , 576 , 373 , 583 , 449
537 , 376 , 576 , 373 , 583 , 449
537 , 376 , 576 , 373 , 583 , 449
537 , 376 , 575 , 373 , 583 , 449
537 , 376 , 575 , 373 , 583 , 449
537 , 376 , 575 , 373 , 583 , 449
537 , 377 , 575 , 373 , 583 , 449
537 , 377 , 575 , 373 , 584 , 449
537 , 377 , 575 , 373 , 584 , 449
537 , 377 , 575 , 373 , 584 , 449
536 , 377 , 575 , 373 , 584 , 449
536 , 377 , 575 , 373 , 584 , 448
536 , 377 , 575 , 373 , 584 , 448
536 , 378 , 575 , 373 , 585 , 448
536 , 378 , 575 , 373 , 585 , 448
536 , 378 , 575 , 372 , 586 , 448
536 , 378 , 575 , 372 , 586 , 447
536 , 379 , 575 , 372 , 588 , 447
536 , 379 , 575 , 372 , 589 , 447
536 , 379 , 575 , 371 , 589 , 447
536 , 380 , 574 , 371 , 589 , 447
536 , 380 , 575 , 371 , 590 , 446
536 , 380 , 574 , 371 , 591 , 446
536 , 380 , 574 , 370 , 591 , 445
536 , 380 , 574 , 370 , 591 , 445
536 , 381 , 573 , 370 , 591 , 445
535 , 381 , 572 , 370 , 591 , 445
535 , 381 , 572 , 369 , 591 , 445
535 , 381 , 570 , 370 , 591 , 445
535 , 382 , 570 , 370 , 591 , 444
535 , 382 , 569 , 370 , 591 , 444
534 , 382 , 568 , 370 , 591 , 444
534 , 383 , 568 , 370 , 591 , 444
533 , 383 , 568 , 370 , 591 , 444
534 , 383 , 568 , 370 , 591 , 444
533 , 383 , 568 , 370 , 591 , 444
532 , 383 , 568 , 370 , 591 , 443
532 , 383 , 567 , 371 , 591 , 443
531 , 383 , 567 , 371 , 591 , 443
530 , 384 , 567 , 371 , 591 , 443
529 , 384 , 566 , 371 , 591 , 443
529 , 384 , 565 , 371 , 591 , 443
528 , 385 , 564 , 371 , 591 , 443
528 , 385 , 562 , 371 , 591 , 443
528 , 385 , 562 , 371 , 591 , 442
528 , 386 , 560 , 371 , 591 , 442
527 , 386 , 560 , 372 , 591 , 442
527 , 386 , 560 , 371 , 591 , 442
527 , 386 , 560 , 371 , 591 , 441
527 , 386 , 560 , 371 , 591 , 441
527 , 387 , 560 , 371 , 591 , 441
527 , 387 , 560 , 371 , 592 , 440
527 , 387 , 559 , 371 , 592 , 440
527 , 387 , 559 , 370 , 593 , 439
527 , 388 , 559 , 370 , 593 , 439
527 , 389 , 559 , 370 , 593 , 439
526 , 389 , 559 , 370 , 593 , 439
526 , 389 , 559 , 370 , 593 , 439
525 , 390 , 559 , 370 , 593 , 439
525 , 390 , 559 , 369 , 593 , 438
525 , 390 , 559 , 369 , 594 , 438
525 , 390 , 558 , 369 , 594 , 438
525 , 390 , 558 , 369 , 594 , 437
525 , 391 , 557 , 368 , 594 , 437
523 , 391 , 556 , 369 , 593 , 437
522 , 391 , 553 , 369 , 592 , 436
521 , 391 , 553 , 370 , 592 , 436
521 , 391 , 553 , 369 , 593 , 435
522 , 391 , 554 , 368 , 594 , 434
522 , 391 , 553 , 369 , 594 , 434
522 , 391 , 553 , 369 , 594 , 434
522 , 391 , 554 , 368 , 597 , 433
523 , 391 , 555 , 368 , 598 , 433
524 , 391 , 556 , 368 , 598 , 432
525 , 391 , 556 , 368 , 599 , 432
525 , 391 , 555 , 368 , 599 , 432
524 , 391 , 555 , 368 , 599 , 432
524 , 392 , 554 , 368 , 599 , 432
524 , 392 , 554 , 368 , 599 , 431
523 , 392 , 552 , 369 , 598 , 431
521 , 392 , 552 , 369 , 598 , 432
521 , 392 , 552 , 369 , 598 , 431
521 , 392 , 552 , 369 , 598 , 431
522 , 392 , 552 , 369 , 599 , 431
522 , 392 , 552 , 369 , 599 , 431
522 , 392 , 552 , 369 , 599 , 430
521 , 392 , 552 , 369 , 599 , 430
521 , 393 , 551 , 369 , 598 , 431
520 , 393 , 551 , 369 , 597 , 431
519 , 394 , 548 , 370 , 596 , 431
519 , 394 , 547 , 370 , 595 , 431
518 , 395 , 545 , 371 , 594 , 431
517 , 396 , 544 , 371 , 593 , 431
517 , 396 , 544 , 372 , 593 , 431
517 , 396 , 544 , 372 , 594 , 431
517 , 397 , 544 , 372 , 594 , 431
518 , 397 , 544 , 371 , 594 , 431
518 , 396 , 545 , 371 , 597 , 430
519 , 396 , 546 , 370 , 598 , 429
519 , 396 , 547 , 369 , 599 , 428
520 , 396 , 547 , 369 , 599 , 428
519 , 396 , 547 , 370 , 599 , 428
519 , 397 , 547 , 370 , 599 , 428
519 , 397 , 546 , 370 , 599 , 427
519 , 397 , 547 , 369 , 599 , 427
519 , 396 , 547 , 369 , 599 , 427
520 , 396 , 547 , 369 , 599 , 426
520 , 396 , 547 , 369 , 599 , 426
520 , 396 , 547 , 368 , 600 , 426
520 , 396 , 548 , 368 , 600 , 425
520 , 396 , 549 , 368 , 600 , 425
520 , 396 , 549 , 368 , 601 , 424
520 , 396 , 549 , 368 , 601 , 424
520 , 396 , 548 , 368 , 601 , 424
520 , 397 , 548 , 368 , 601 , 424
520 , 397 , 548 , 368 , 601 , 423
520 , 397 , 549 , 368 , 602 , 423
521 , 397 , 549 , 368 , 603 , 423
522 , 397 , 549 , 368 , 604 , 423, 527 , 376 , 595 , 411
511 , 410 , 527 , 376 , 594 , 410
511 , 410 , 527 , 376 , 594 , 409
511 , 410 , 526 , 376 , 594 , 409
511 , 410 , 526 , 376 , 594 , 408
511 , 410 , 525 , 376 , 593 , 408
510 , 410 , 524 , 376 , 593 , 408
508 , 410 , 522 , 376 , 592 , 408
504 , 411 , 521 , 376 , 591 , 408
504 , 411 , 519 , 376 , 589 , 407
503 , 411 , 517 , 376 , 587 , 407
503 , 410 , 515 , 376 , 585 , 406
500 , 411 , 514 , 376 , 584 , 406
498 , 411 , 512 , 376 , 583 , 405
497 , 411 , 512 , 376 , 583 , 405
498 , 411 , 513 , 376 , 584 , 404
499 , 410 , 513 , 375 , 584 , 404
498 , 409 , 511 , 375 , 583 , 402
496 , 410 , 510 , 375 , 582 , 401
522 , 397 , 549 , 368 , 604 , 423
522 , 398 , 549 , 368 , 604 , 423
522 , 398 , 549 , 368 , 605 , 422
522 , 398 , 548 , 368 , 605 , 422
522 , 398 , 548 , 368 , 605 , 421
521 , 398 , 547 , 368 , 604 , 421
521 , 399 , 546 , 368 , 604 , 420
521 , 399 , 546 , 368 , 604 , 420
521 , 399 , 545 , 369 , 603 , 420
520 , 399 , 544 , 369 , 603 , 419
520 , 399 , 544 , 369 , 603 , 418
521 , 399 , 544 , 369 , 604 , 418
521 , 399 , 544 , 369 , 604 , 417
521 , 400 , 544 , 369 , 605 , 416
521 , 400 , 544 , 369 , 605 , 416
521 , 400 , 544 , 369 , 605 , 416
521 , 400 , 544 , 370 , 605 , 416
521 , 400 , 544 , 370 , 605 , 416
521 , 400 , 544 , 370 , 606 , 416
521 , 400 , 544 , 370 , 606 , 415
521 , 400 , 543 , 370 , 606 , 415
521 , 401 , 543 , 370 , 606 , 415
521 , 401 , 543 , 370 , 606 , 415
520 , 402 , 543 , 371 , 605 , 415
520 , 403 , 542 , 371 , 603 , 415
519 , 403 , 540 , 372 , 603 , 415
519 , 404 , 538 , 373 , 602 , 415
519 , 404 , 538 , 373 , 602 , 415
519 , 404 , 538 , 373 , 602 , 415
495 , 410 , 507 , 375 , 577 , 401
494 , 409 , 506 , 375 , 576 , 401
492 , 409 , 504 , 375 , 576 , 401
491 , 408 , 504 , 374 , 576 , 401
491 , 408 , 504 , 374 , 576 , 401
493 , 408 , 505 , 375 , 576 , 400
519 , 404 , 538 , 373 , 603 , 415
519 , 404 , 538 , 373 , 603 , 415
519 , 405 , 538 , 373 , 603 , 415
519 , 405 , 537 , 373 , 603 , 414
519 , 405 , 537 , 373 , 602 , 414
519 , 406 , 536 , 373 , 601 , 414
517 , 407 , 536 , 373 , 600 , 414
516 , 407 , 535 , 374 , 600 , 414
514 , 407 , 534 , 374 , 599 , 414
513 , 407 , 532 , 375 , 598 , 415
512 , 407 , 531 , 375 , 597 , 415
256 , 407 , 530 , 375 , 597 , 415
511 , 407 , 530 , 375 , 596 , 415
511 , 407 , 530 , 375 , 596 , 415
511 , 408 , 530 , 375 , 597 , 415
511 , 408 , 530 , 375 , 597 , 415
511 , 408 , 530 , 375 , 597 , 415
511 , 408 , 530 , 375 , 597 , 415
511 , 408 , 530 , 375 , 597 , 415
511 , 408 , 529 , 375 , 597 , 414
511 , 408 , 529 , 375 , 596 , 414
511 , 408 , 529 , 375 , 596 , 414
511 , 409 , 529 , 376 , 596 , 414
511 , 409 , 529 , 376 , 596 , 414
511 , 409 , 528 , 376 , 596 , 414
511 , 409 , 528 , 376 , 596 , 414
511 , 409 , 528 , 376 , 596 , 414
511 , 409 , 528 , 376 , 596 , 414
511 , 409 , 528 , 376 , 596 , 414
511 , 409 , 528 , 376 , 596 , 414
511 , 409 , 528 , 376 , 596 , 414
511 , 409 , 528 , 376 , 596 , 414
511 , 409 , 528 , 376 , 596 , 414
511 , 409 , 528 , 376 , 596 , 414
511 , 409 , 528 , 376 , 596 , 414
511 , 409 , 529 , 376 , 597 , 414
511 , 409 , 529 , 376 , 597 , 413
511 , 409 , 528 , 376 , 596 , 413
511 , 409 , 528 , 376 , 596 , 413
511 , 409 , 528 , 376 , 596 , 413
511 , 409 , 528 , 376 , 596 , 413
511 , 409 , 528 , 376 , 595 , 413
511 , 409 , 528 , 376 , 595 , 412
511 , 409 , 528 , 376 , 595 , 412
511 , 409 , 528 , 376 , 595 , 412
511 , 410 , 527 , 376 , 595 , 411
511 , 410 
494 , 409 , 506 , 375 , 578 , 400
495 , 410 , 507 , 375 , 579 , 400
495 , 410 , 509 , 375 , 581 , 400
496 , 410 , 510 , 375 , 581 , 400
497 , 409 , 511 , 375 , 583 , 399
500 , 409 , 512 , 375 , 584 , 399
502 , 410 , 513 , 375 , 585 , 399
503 , 411 , 513 , 375 , 586 , 399
503 , 411 , 515 , 375 , 589 , 399
504 , 411 , 517 , 375 , 590 , 399
506 , 411 , 519 , 374 , 592 , 397
510 , 409 , 520 , 374 , 592 , 396
511 , 409 , 520 , 373 , 592 , 394
511 , 409 , 520 , 373 , 593 , 393
511 , 408 , 520 , 372 , 593 , 393
510 , 408 , 520 , 372 , 593 , 393
510 , 408 , 519 , 373 , 592 , 393
508 , 408 , 518 , 374 , 591 , 393
505 , 409 , 514 , 375 , 588 , 392
504 , 410 , 512 , 374 , 587 , 392
503 , 411 , 512 , 374 , 586 , 392
504 , 411 , 512 , 374 , 586 , 392
504 , 411 , 513 , 375 , 588 , 391
504 , 411 , 513 , 375 , 588 , 391
504 , 412 , 512 , 375 , 586 , 391
504 , 413 , 511 , 375 , 586 , 391
504 , 413 , 511 , 376 , 586 , 392
504 , 415 , 511 , 377 , 586 , 392
504 , 415 , 511 , 377 , 586 , 391
505 , 415 , 511 , 378 , 586 , 391
505 , 415 , 512 , 378 , 587 , 391
506 , 416 , 512 , 378 , 587 , 391
507 , 416 , 512 , 379 , 589 , 391
509 , 416 , 512 , 380 , 590 , 391
510 , 417 , 516 , 382 , 591 , 392
511 , 418 , 517 , 382 , 592 , 392
512 , 419 , 518 , 382 , 593 , 392
513 , 420 , 519 , 382 , 594 , 391
514 , 420 , 519 , 382 , 595 , 391
515 , 421 , 519 , 382 , 595 , 391
516 , 422 , 519 , 383 , 595 , 391
516 , 422 , 519 , 383 , 595 , 391
517 , 422 , 519 , 383 , 595 , 391
517 , 422 , 519 , 383 , 595 , 391
517 , 422 , 520 , 383 , 596 , 391
518 , 422 , 520 , 383 , 596 , 391
519 , 422 , 520 , 383 , 598 , 390
519 , 421 , 521 , 383 , 598 , 390
519 , 421 , 521 , 383 , 598 , 390
519 , 422 , 521 , 383 , 598 , 389
519 , 421 , 521 , 383 , 599 , 388
520 , 421 , 521 , 383 , 599 , 388
520 , 421 , 522 , 383 , 599 , 387
521 , 422 , 523 , 383 , 599 , 386
521 , 422 , 525 , 383 , 600 , 386
525 , 422 , 526 , 383 , 601 , 385
526 , 421 , 527 , 382 , 603 , 384
527 , 420 , 527 , 382 , 604 , 384
527 , 420 , 528 , 382 , 604 , 384
527 , 420 , 528 , 382 , 604 , 384
527 , 420 , 528 , 382 , 604 , 384
528 , 420 , 528 , 382 , 604 , 383
528 , 420 , 528 , 382 , 605 , 383
528 , 420 , 528 , 382 , 605 , 383
528 , 420 , 528 , 382 , 604 , 383
528 , 420 , 528 , 382 , 604 , 383
528 , 420 , 527 , 382 , 604 , 383
528 , 420 , 527 , 382 , 604 , 383
528 , 420 , 527 , 382 , 604 , 382
528 , 420 , 527 , 382 , 604 , 382
528 , 420 , 527 , 382 , 603 , 380
528 , 420 , 527 , 382 , 603 , 379
528 , 420 , 527 , 382 , 602 , 378
528 , 419 , 527 , 382 , 602 , 377
528 , 419 , 527 , 381 , 602 , 377
528 , 419 , 527 , 381 , 602 , 376
528 , 419 , 527 , 381 , 602 , 376
528 , 419 , 527 , 382 , 602 , 376
528 , 419 , 527 , 382 , 603 , 377
528 , 420 , 527 , 382 , 603 , 377
528 , 420 , 527 , 382 , 603 , 376
528 , 420 , 527 , 382 , 603 , 376
528 , 420 , 527 , 382 , 603 , 376
528 , 420 , 527 , 382 , 602 , 376
528 , 420 , 527 , 382 , 602 , 376
528 , 420 , 527 , 382 , 602 , 376
528 , 420 , 527 , 383 , 602 , 376
529 , 421 , 527 , 383 , 602 , 376
529 , 421 , 526 , 383 , 602 , 376
529 , 421 , 526 , 383 , 602 , 376
528 , 421 , 526 , 383 , 602 , 375
528 , 421 , 526 , 383 , 601 , 375
528 , 420 , 525 , 383 , 600 , 374
528 , 420 , 525 , 383 , 600 , 374
528 , 420 , 525 , 383 , 600 , 373
528 , 420 , 525 , 383 , 600 , 373
528 , 420 , 525 , 383 , 600 , 373
528 , 421 , 525 , 383 , 600 , 373
528 , 421 , 525 , 383 , 600 , 373
528 , 421 , 524 , 383 , 600 , 373
528 , 420 , 523 , 383 , 599 , 372
528 , 420 , 521 , 383 , 599 , 370
527 , 419 , 520 , 381 , 595 , 368
527 , 418 , 519 , 381 , 594 , 368
526 , 418 , 519 , 381 , 593 , 368
526 , 417 , 519 , 381 , 593 , 368
526 , 418 , 519 , 381 , 593 , 368
527 , 419 , 519 , 382 , 593 , 368
527 , 419 , 519 , 382 , 594 , 368
527 , 420 , 520 , 383 , 595 , 368
528 , 420 , 521 , 383 , 596 , 368
528 , 421 , 521 , 383 , 596 , 368
528 , 422 , 521 , 384 , 597 , 368
530 , 423 , 522 , 384 , 597 , 368
531 , 423 , 522 , 384 , 598 , 368
532 , 423 , 523 , 385 , 598 , 369
533 , 424 , 524 , 388 , 599 , 369
534 , 424 , 525 , 389 , 599 , 370
535 , 425 , 525 , 391 , 599 , 370
535 , 426 , 525 , 391 , 599 , 370
535 , 426 , 525 , 391 , 599 , 370
535 , 427 , 525 , 391 , 599 , 369
535 , 427 , 524 , 391 , 598 , 369
535 , 427 , 524 , 391 , 598 , 369
535 , 427 , 524 , 391 , 598 , 368
535 , 427 , 524 , 391 , 597 , 368
535 , 427 , 524 , 392 , 597 , 368
535 , 428 , 524 , 392 , 597 , 368
536 , 428 , 524 , 391 , 596 , 368
535 , 428 , 523 , 391 , 596 , 368
535 , 429 , 522 , 392 , 595 , 368
536 , 428 , 523 , 392 , 595 , 368
536 , 428 , 523 , 392 , 595 , 367
536 , 428 , 523 , 392 , 594 , 367
536 , 428 , 522 , 392 , 594 , 367
536 , 428 , 522 , 392 , 594 , 367
536 , 428 , 521 , 392 , 593 , 366
536 , 429 , 521 , 392 , 593 , 366
536 , 429 , 521 , 393 , 593 , 366
536 , 429 , 521 , 393 , 592 , 366
536 , 430 , 520 , 394 , 592 , 366
536 , 430 , 520 , 394 , 592 , 366
536 , 430 , 520 , 395 , 592 , 366
536 , 430 , 520 , 395 , 591 , 366
536 , 430 , 520 , 395 , 591 , 366
536 , 430 , 520 , 396 , 591 , 366
536 , 431 , 520 , 396 , 591 , 366
536 , 431 , 520 , 396 , 591 , 366
536 , 431 , 520 , 397 , 590 , 366
536 , 431 , 519 , 397 , 590 , 366
536 , 431 , 519 , 398 , 589 , 367
536 , 432 , 519 , 398 , 589 , 366
536 , 432 , 519 , 398 , 588 , 366
536 , 432 , 519 , 398 , 588 , 366
536 , 432 , 519 , 398 , 588 , 366
536 , 432 , 519 , 398 , 587 , 365
536 , 432 , 519 , 399 , 587 , 365
536 , 432 , 519 , 399 , 586 , 365
536 , 432 , 519 , 399 , 586 , 364
536 , 432 , 519 , 399 , 586 , 364
537 , 432 , 519 , 399 , 586 , 363
537 , 432 , 519 , 399 , 586 , 363
537 , 432 , 519 , 399 , 585 , 363
537 , 432 , 519 , 399 , 585 , 363
537 , 432 , 519 , 399 , 584 , 363
536 , 433 , 519 , 399 , 584 , 363
536 , 433 , 518 , 400 , 584 , 363
536 , 433 , 518 , 400 , 584 , 363
536 , 433 , 518 , 400 , 584 , 363
537 , 433 , 518 , 400 , 584 , 363
537 , 432 , 519 , 400 , 584 , 362
537 , 432 , 519 , 400 , 584 , 362
537 , 432 , 519 , 400 , 584 , 362
538 , 432 , 519 , 400 , 584 , 362
538 , 432 , 519 , 400 , 584 , 361
538 , 432 , 519 , 400 , 584 , 361
539 , 432 , 519 , 400 , 584 , 361
539 , 432 , 519 , 400 , 584 , 361
539 , 432 , 519 , 400 , 584 , 361
539 , 432 , 519 , 400 , 584 , 361
539 , 432 , 519 , 401 , 584 , 361
539 , 432 , 519 , 401 , 583 , 361
539 , 432 , 519 , 401 , 583 , 361
539 , 432 , 519 , 401 , 583 , 361
539 , 432 , 519 , 401 , 582 , 360
539 , 432 , 519 , 401 , 582 , 360
539 , 432 , 519 , 401 , 582 , 360
539 , 432 , 519 , 402 , 582 , 360
539 , 432 , 519 , 402 , 581 , 360
539 , 432 , 519 , 402 , 581 , 360
539 , 433 , 519 , 403 , 580 , 360
538 , 433 , 519 , 403 , 580 , 360
538 , 434 , 518 , 404 , 579 , 360
537 , 434 , 517 , 405 , 579 , 360
537 , 435 , 517 , 405 , 578 , 360
537 , 435 , 516 , 406 , 578 , 360
537 , 435 , 516 , 406 , 577 , 360
537 , 435 , 516 , 406 , 577 , 360
537 , 435 , 516 , 407 , 577 , 360
538 , 435 , 517 , 407 , 577 , 360
539 , 435 , 517 , 407 , 577 , 359
539 , 436 , 516 , 407 , 577 , 359
539 , 436 , 516 , 407 , 576 , 359
539 , 436 , 516 , 407 , 576 , 359
539 , 436 , 516 , 407 , 576 , 359
540 , 436 , 516 , 407 , 576 , 359
540 , 436 , 516 , 407 , 575 , 359
540 , 436 , 516 , 407 , 575 , 359
540 , 436 , 516 , 407 , 574 , 359
538 , 437 , 515 , 407 , 574 , 359
538 , 438 , 514 , 408 , 573 , 359
537 , 438 , 513 , 408 , 572 , 359
537 , 438 , 513 , 408 , 572 , 359
537 , 438 , 513 , 408 , 571 , 359
537 , 438 , 513 , 408 , 571 , 359
537 , 439 , 512 , 409 , 570 , 359
537 , 439 , 512 , 409 , 570 , 359
538 , 439 , 512 , 409 , 570 , 359
538 , 439 , 512 , 410 , 569 , 359
538 , 439 , 512 , 410 , 569 , 359
538 , 439 , 512 , 410 , 568 , 359
538 , 439 , 512 , 411 , 568 , 359
538 , 439 , 256 , 411 , 568 , 359
538 , 439 , 511 , 411 , 568 , 359
538 , 439 , 512 , 412 , 567 , 359
538 , 439 , 512 , 412 , 567 , 359
538 , 439 , 512 , 412 , 567 , 359
539 , 439 , 512 , 412 , 567 , 359
539 , 439 , 512 , 413 , 567 , 359
539 , 439 , 512 , 413 , 567 , 359
539 , 439 , 512 , 413 , 566 , 359
540 , 439 , 512 , 413 , 566 , 359
540 , 439 , 512 , 414 , 566 , 359
540 , 440 , 512 , 414 , 565 , 359
540 , 440 , 512 , 414 , 565 , 359
540 , 440 , 512 , 414 , 565 , 359
541 , 440 , 512 , 414 , 564 , 359
541 , 440 , 512 , 414 , 564 , 359
541 , 440 , 512 , 415 , 563 , 359
542 , 440 , 512 , 415 , 563 , 359
542 , 440 , 513 , 415 , 562 , 359
542 , 440 , 513 , 415 , 562 , 358
542 , 440 , 513 , 415 , 561 , 358
543 , 440 , 513 , 416 , 561 , 358
543 , 440 , 513 , 416 , 561 , 358
543 , 440 , 513 , 416 , 561 , 358
544 , 440 , 513 , 416 , 560 , 357
544 , 440 , 514 , 416 , 560 , 357
544 , 440 , 514 , 416 , 560 , 357
544 , 440 , 513 , 416 , 560 , 357
544 , 440 , 514 , 416 , 560 , 356
545 , 440 , 514 , 416 , 560 , 356
545 , 440 , 514 , 416 , 560 , 356
545 , 440 , 514 , 416 , 559 , 356
545 , 440 , 514 , 417 , 559 , 356
545 , 440 , 514 , 417 , 559 , 356
546 , 440 , 514 , 417 , 559 , 356
546 , 440 , 514 , 418 , 559 , 356
546 , 440 , 514 , 418 , 559 , 356
547 , 440 , 515 , 418 , 559 , 356
547 , 440 , 515 , 419 , 559 , 356
548 , 440 , 516 , 419 , 559 , 356
548 , 440 , 516 , 419 , 559 , 355
548 , 440 , 516 , 420 , 558 , 355
548 , 440 , 515 , 421 , 557 , 356
547 , 440 , 514 , 421 , 556 , 356
547 , 440 , 514 , 421 , 555 , 356
547 , 440 , 514 , 422 , 554 , 356
547 , 440 , 514 , 422 , 554 , 356
548 , 440 , 514 , 422 , 554 , 356
548 , 440 , 515 , 422 , 554 , 356
548 , 440 , 515 , 422 , 553 , 356
548 , 440 , 515 , 423 , 553 , 356
549 , 440 , 515 , 423 , 553 , 355
549 , 440 , 515 , 423 , 553 , 355
549 , 440 , 516 , 423 , 553 , 355
549 , 440 , 516 , 423 , 552 , 355
549 , 440 , 516 , 423 , 552 , 355
549 , 440 , 516 , 423 , 553 , 355
550 , 440 , 517 , 422 , 553 , 354
550 , 440 , 517 , 422 , 553 , 354
550 , 440 , 517 , 422 , 553 , 354
550 , 440 , 517 , 423 , 552 , 354
549 , 440 , 516 , 423 , 552 , 355
549 , 440 , 516 , 423 , 552 , 355
549 , 440 , 515 , 423 , 552 , 355
549 , 440 , 516 , 423 , 552 , 355
549 , 440 , 516 , 423 , 552 , 355
550 , 440 , 516 , 423 , 552 , 354
550 , 440 , 517 , 423 , 552 , 354
550 , 440 , 517 , 423 , 552 , 354
551 , 439 , 518 , 422 , 553 , 354
551 , 439 , 518 , 422 , 553 , 354
551 , 439 , 518 , 422 , 553 , 354
551 , 439 , 518 , 422 , 552 , 354
551 , 439 , 518 , 422 , 552 , 354
551 , 439 , 518 , 422 , 553 , 354
551 , 439 , 518 , 422 , 553 , 354
551 , 439 , 518 , 422 , 552 , 354
551 , 439 , 518 , 422 , 552 , 354
551 , 439 , 518 , 422 , 552 , 354
551 , 439 , 518 , 423 , 552 , 354
551 , 439 , 518 , 423 , 552 , 354
550 , 439 , 517 , 423 , 552 , 354
550 , 439 , 517 , 423 , 552 , 355
550 , 439 , 516 , 423 , 551 , 355
550 , 439 , 516 , 423 , 551 , 355
550 , 440 , 516 , 423 , 551 , 355
550 , 440 , 516 , 423 , 551 , 355
550 , 440 , 515 , 423 , 551 , 355
550 , 440 , 515 , 423 , 551 , 355
550 , 440 , 515 , 423 , 551 , 355
550 , 440 , 515 , 423 , 551 , 355
550 , 440 , 515 , 423 , 551 , 355
550 , 439 , 515 , 423 , 551 , 355
550 , 439 , 516 , 423 , 551 , 354
550 , 439 , 516 , 423 , 551 , 354
550 , 439 , 517 , 423 , 552 , 354
550 , 439 , 517 , 423 , 552 , 354
551 , 439 , 517 , 423 , 552 , 354
551 , 439 , 517 , 423 , 552 , 354
551 , 439 , 518 , 423 , 552 , 354
551 , 439 , 518 , 423 , 552 , 354
551 , 439 , 518 , 423 , 552 , 354
551 , 439 , 518 , 423 , 552 , 354
551 , 439 , 518 , 422 , 552 , 354
551 , 439 , 518 , 422 , 552 , 354
551 , 439 , 518 , 422 , 552 , 354
551 , 439 , 518 , 422 , 552 , 354
551 , 439 , 518 , 422 , 552 , 353
551 , 439 , 518 , 422 , 552 , 353
551 , 439 , 518 , 422 , 553 , 353
551 , 439 , 518 , 422 , 553 , 353
551 , 439 , 518 , 422 , 553 , 353
551 , 439 , 518 , 422 , 553 , 353
551 , 439 , 518 , 422 , 553 , 353
551 , 439 , 518 , 422 , 553 , 353
551 , 439 , 518 , 422 , 553 , 353
551 , 439 , 518 , 422 , 553 , 353
551 , 439 , 518 , 422 , 553 , 353
551 , 439 , 518 , 422 , 553 , 353
551 , 439 , 518 , 422 , 553 , 353
550 , 439 , 518 , 422 , 552 , 353
550 , 439 , 517 , 422 , 552 , 353
550 , 439 , 517 , 422 , 552 , 353
550 , 439 , 517 , 422 , 552 , 354
550 , 439 , 517 , 422 , 552 , 354
550 , 439 , 517 , 422 , 552 , 354
550 , 439 , 516 , 423 , 552 , 354
549 , 439 , 515 , 423 , 552 , 354
549 , 439 , 515 , 423 , 552 , 354
549 , 439 , 515 , 423 , 552 , 354
549 , 439 , 514 , 423 , 552 , 354
549 , 439 , 514 , 423 , 552 , 354
548 , 439 , 514 , 423 , 551 , 354
548 , 439 , 514 , 422 , 551 , 354
548 , 439 , 514 , 422 , 551 , 354
548 , 439 , 514 , 422 , 551 , 354
548 , 439 , 514 , 422 , 551 , 354
548 , 439 , 514 , 422 , 551 , 354
548 , 439 , 514 , 422 , 551 , 354
548 , 439 , 514 , 422 , 551 , 354
548 , 439 , 514 , 422 , 551 , 354
548 , 439 , 514 , 422 , 551 , 354
548 , 439 , 514 , 422 , 551 , 354
548 , 439 , 514 , 422 , 551 , 354
549 , 439 , 514 , 422 , 552 , 354
549 , 439 , 514 , 422 , 552 , 354
549 , 439 , 514 , 422 , 552 , 354
549 , 439 , 514 , 422 , 552 , 354
549 , 439 , 514 , 422 , 552 , 354
549 , 439 , 514 , 422 , 552 , 354
549 , 439 , 514 , 422 , 552 , 354
549 , 439 , 514 , 422 , 552 , 354
549 , 439 , 514 , 422 , 552 , 354
549 , 439 , 515 , 422 , 552 , 354
549 , 439 , 515 , 422 , 552 , 354
549 , 439 , 515 , 422 , 552 , 354
549 , 439 , 516 , 422 , 552 , 354
550 , 439 , 516 , 422 , 552 , 354
550 , 439 , 516 , 422 , 552 , 354
550 , 439 , 516 , 422 , 552 , 354
550 , 439 , 516 , 422 , 552 , 353
550 , 439 , 516 , 422 , 552 , 353
550 , 439 , 516 , 422 , 552 , 353
550 , 439 , 517 , 421 , 552 , 353
550 , 439 , 517 , 421 , 552 , 353
550 , 439 , 517 , 421 , 552 , 353
550 , 439 , 517 , 421 , 552 , 353
550 , 439 , 517 , 421 , 552 , 353
550 , 439 , 517 , 421 , 552 , 353
550 , 439 , 517 , 421 , 552 , 353
550 , 439 , 517 , 421 , 552 , 353
550 , 439 , 516 , 421 , 552 , 353
550 , 439 , 516 , 421 , 552 , 353
549 , 439 , 515 , 421 , 552 , 353
550 , 439 , 516 , 421 , 552 , 353
550 , 439 , 516 , 421 , 552 , 353
550 , 439 , 516 , 421 , 552 , 353
550 , 439 , 516 , 421 , 552 , 353
550 , 439 , 516 , 420 , 552 , 353
550 , 439 , 517 , 420 , 552 , 353
550 , 439 , 517 , 420 , 553 , 353
550 , 438 , 517 , 420 , 553 , 353
550 , 438 , 517 , 420 , 552 , 353
550 , 438 , 517 , 420 , 552 , 353
550 , 438 , 517 , 420 , 552 , 353
550 , 438 , 517 , 420 , 552 , 352
550 , 438 , 516 , 420 , 552 , 353
550 , 438 , 517 , 420 , 552 , 353
550 , 438 , 517 , 420 , 552 , 353
550 , 438 , 517 , 420 , 552 , 353
550 , 439 , 516 , 420 , 552 , 353
550 , 439 , 516 , 420 , 552 , 353
550 , 439 , 516 , 420 , 552 , 353
550 , 439 , 515 , 421 , 552 , 353
549 , 439 , 515 , 421 , 552 , 353
549 , 439 , 515 , 421 , 552 , 353
549 , 439 , 515 , 421 , 552 , 353
549 , 439 , 514 , 421 , 551 , 353
549 , 439 , 514 , 421 , 551 , 353
549 , 439 , 514 , 421 , 551 , 353
549 , 439 , 514 , 421 , 551 , 353
549 , 439 , 514 , 421 , 551 , 353
549 , 439 , 514 , 422 , 551 , 353
549 , 439 , 515 , 422 , 551 , 353
549 , 439 , 514 , 422 , 551 , 353
549 , 439 , 514 , 422 , 551 , 353
549 , 439 , 514 , 422 , 551 , 353
549 , 439 , 514 , 422 , 551 , 353
549 , 439 , 514 , 422 , 551 , 353
549 , 439 , 514 , 422 , 551 , 353
548 , 439 , 514 , 422 , 551 , 353
548 , 439 , 513 , 422 , 551 , 353
548 , 439 , 513 , 422 , 551 , 353
548 , 439 , 513 , 422 , 551 , 353
548 , 439 , 513 , 422 , 550 , 353
548 , 439 , 513 , 422 , 551 , 353
548 , 439 , 513 , 423 , 550 , 353
548 , 439 , 513 , 423 , 551 , 353
548 , 439 , 513 , 423 , 550 , 353
548 , 439 , 513 , 423 , 551 , 353
548 , 439 , 513 , 423 , 550 , 353
548 , 439 , 513 , 423 , 550 , 353
548 , 439 , 513 , 423 , 551 , 353
548 , 439 , 513 , 423 , 550 , 353
548 , 439 , 513 , 423 , 551 , 353
548 , 439 , 513 , 423 , 551 , 353
548 , 439 , 513 , 423 , 550 , 353
548 , 439 , 513 , 423 , 551 , 353
548 , 439 , 513 , 423 , 551 , 353
548 , 439 , 513 , 423 , 551 , 353
548 , 439 , 513 , 423 , 551 , 353
548 , 439 , 513 , 423 , 551 , 353
548 , 439 , 513 , 423 , 551 , 353
548 , 439 , 513 , 423 , 551 , 353
548 , 439 , 513 , 423 , 551 , 353
548 , 439 , 513 , 423 , 551 , 353
548 , 439 , 513 , 423 , 550 , 353
548 , 439 , 513 , 423 , 550 , 353
548 , 439 , 513 , 423 , 551 , 353
548 , 439 , 513 , 423 , 551 , 353
548 , 439 , 513 , 423 , 551 , 353
548 , 439 , 514 , 423 , 551 , 353
548 , 439 , 514 , 423 , 551 , 353
549 , 439 , 514 , 423 , 551 , 354
549 , 439 , 515 , 423 , 551 , 354
550 , 439 , 515 , 423 , 551 , 353
55