Terminal log file
Date: 11/17/2015 - 3:41:45 PM
-----------------------------------------------
585,415,615,341,548,367,576,326
589,415,616,341,551,367,583,327
593,416,622,342,556,368,584,328
595,416,624,342,558,367,586,328
596,415,624,341,558,367,586,327
594,415,623,340,557,367,585,327
593,414,623,339,555,366,583,325
592,412,621,337,554,364,583,324
592,410,621,336,554,361,583,322
591,409,620,335,553,360,583,320
591,407,619,334,553,359,582,319
591,407,620,333,553,359,583,319
592,406,621,332,554,359,583,318
593,406,623,331,556,359,584,318
593,406,623,331,558,358,585,318
595,406,624,331,559,358,585,318
596,407,624,332,559,358,587,319
596,407,624,333,559,359,587,320
596,408,624,335,559,360,586,320
596,409,624,336,559,362,586,322
595,412,624,337,559,364,585,323
595,414,623,339,558,366,585,326
595,415,623,340,558,367,586,327
596,416,624,342,559,368,587,328
598,416,624,342,559,368,588,328
598,416,625,343,560,368,589,328
599,416,627,343,560,368,590,328
599,416,626,342,560,368,590,328
599,416,626,342,560,368,589,328
597,415,624,341,559,367,587,328
596,415,624,341,557,367,585,327
593,415,622,341,556,367,584,327
591,414,618,341,553,367,582,327
590,415,617,340,552,367,579,327
588,415,616,340,551,367,579,327
588,415,616,340,550,367,578,327
588,415,616,340,551,366,578,327
589,415,616,340,551,366,579,327
590,415,616,340,552,366,580,327
591,414,617,340,552,367,581,327
591,414,619,341,553,367,582,327
592,415,621,342,554,367,583,327
594,415,623,342,556,368,584,327
595,416,624,342,558,368,586,328
597,415,624,342,559,368,587,328
599,415,627,342,561,367,590,327
600,415,629,341,563,367,592,327
603,415,631,340,566,367,593,327
607,414,633,339,568,366,597,326
607,413,636,338,569,366,599,326
609,414,639,338,573,366,600,326
611,414,640,339,575,366,603,326
613,415,640,339,575,366,604,327
614,415,642,340,576,367,606,327
615,415,643,341,577,367,607,327
616,415,645,342,578,367,607,327
617,415,646,342,579,367,607,327
617,415,646,341,579,367,608,327
617,415,647,340,580,367,608,327
617,415,647,339,580,367,608,326
616,413,646,339,579,366,608,326
616,413,646,338,578,365,607,325
616,413,646,338,578,365,607,325
616,413,646,338,578,365,607,325
615,413,645,338,578,365,607,325
616,413,646,339,578,366,607,326
617,414,647,340,580,367,608,326
619,415,648,340,583,366,612,327
623,415,651,341,584,367,614,327
626,416,655,342,589,368,617,328
629,416,657,343,593,369,623,329
634,418,663,344,597,369,624,330
640,420,668,344,600,372,631,332
641,420,671,345,604,373,633,332
646,421,672,345,607,373,635,333
647,421,673,345,608,373,637,333
647,421,674,345,608,373,638,333
647,420,675,344,608,373,638,333
647,420,675,344,608,372,639,332
648,419,676,344,608,372,639,331
648,419,677,344,609,370,639,330
648,418,678,343,610,369,639,329
650,417,679,343,613,368,640,329
651,416,679,342,614,368,641,328
653,416,680,342,614,369,641,328
654,417,680,343,615,369,642,328
654,417,680,343,615,370,642,329
653,418,680,343,615,370,641,329
651,418,679,344,614,371,640,330
650,419,679,344,613,371,639,331
648,419,676,344,608,372,639,331
647,419,674,344,608,372,637,330
647,419,672,344,608,372,635,330
644,418,671,344,607,371,633,330
643,418,671,343,604,369,632,329
641,417,670,343,603,368,631,329
640,416,668,342,601,368,630,328
639,415,667,341,600,367,629,327
638,414,665,338,599,366,628,326
638,413,664,337,599,365,625,324
635,411,663,336,598,364,624,323
632,410,661,335,594,361,623,321
631,409,659,335,591,361,620,320
628,408,656,334,590,360,618,320
625,408,654,334,588,360,616,320
624,408,653,334,586,360,615,319
623,408,651,334,584,360,614,320
622,408,649,334,583,360,612,320
621,408,648,335,583,361,611,320
620,409,648,335,583,361,609,321
619,410,647,336,582,363,608,323
617,413,647,337,581,365,608,324
616,414,646,339,579,367,607,326
616,414,645,340,578,367,607,327
615,416,644,342,577,367,606,327
615,416,642,343,576,368,605,328
614,417,642,343,576,369,605,328
614,417,641,343,575,369,604,328
613,417,640,343,575,369,602,329
612,417,640,343,574,369,602,329
610,416,639,343,573,368,600,329
609,416,639,343,572,368,600,328
609,416,638,343,572,368,600,328
609,416,638,342,571,368,600,328
,332
646,421,672,345,607,373,635,333
647,421,673,345,608,373,637,333
647,421,674,345,608,373,638,333
647,420,675,344,608,373,638,333
647,420,675,344,608,372,639,332
648,419,676,344,608,372,639,331
648,419,677,344,609,370,639,330
648,418,678,343,610,369,639,329
650,417,679,343,613,368,640,329
651,416,679,342,614,368,641,328
653,416,680,342,614,369,641,328
654,417,680,343,615,369,642,328
654,417,680,343,615,370,642,329
653,418,680,343,615,370,641,329
651,418,679,344,614,371,640,330
650,419,679,344,613,371,639,331
648,419,676,344,608,372,639,331
647,419,674,344,608,372,637,330
647,419,672,344,608,372,635,330
644,418,671,344,607,371,633,330
643,418,671,343,604,369,632,329
641,417,670,343,603,368,631,329
640,416,668,342,601,368,630,328
639,415,667,341,600,367,629,327
638,414,665,338,599,366,628,326
638,413,664,337,599,365,625,324
635,411,663,336,598,364,624,323
632,410,661,335,594,361,623,321
631,409,659,335,591,361,620,320
628,408,656,334,590,360,618,320
625,408,654,334,588,360,616,320
624,408,653,334,586,360,615,319
623,408,651,334,584,360,614,320
622,408,649,334,583,360,612,320
621,408,648,335,583,361,611,320
620,409,648,335,583,361,609,321
619,410,647,336,582,363,608,323
617,413,647,337,581,365,608,324
616,414,646,339,579,367,607,326
616,414,645,340,578,367,607,327
615,416,644,342,577,367,606,327
615,416,642,343,576,368,605,328
614,417,642,343,576,369,605,328
614,417,641,343,575,369,604,328
613,417,640,343,575,369,602,329
612,417,640,343,574,369,602,329
610,416,639,343,573,368,600,329
609,416,639,343,572,368,600,328
609,416,638,343,572,368,600,328
609,416,638,342,571,368,600,328
608,416,638,342,571,368,600,328
608,416,638,342,571,367,599,327
608,415,638,342,571,367,599,327
608,415,637,342,570,367,599,327
607,415,636,342,569,367,599,327
607,415,636,342,569,367,598,327
607,416,635,342,568,368,598,328
607,416,635,343,568,368,598,328
606,416,635,343,568,368,598,328
607,417,635,343,568,368,598,328
607,417,635,344,568,369,598,329
607,417,635,344,568,369,598,329
607,417,635,344,568,369,598,329
607,417,635,344,568,369,598,329
607,417,635,344,568,369,598,329
607,417,635,343,568,369,598,328
606,417,634,343,568,369,597,328
606,417,633,343,568,369,597,329
605,417,633,344,567,370,596,329
606,418,633,344,567,370,597,330
606,420,633,345,568,372,597,332
606,421,633,346,567,373,597,334
606,423,633,348,567,374,597,335
605,424,633,350,567,375,596,335
605,424,633,351,567,376,596,336
605,426,632,352,567,378,596,337
605,427,632,353,567,380,595,341
603,430,632,354,567,381,595,342
602,431,632,355,566,382,594,342
602,431,631,356,565,383,593,343
601,431,631,356,565,383,592,343
601,431,631,356,563,383,592,343
600,431,631,356,563,383,591,342
600,430,630,356,562,383,591,342
600,430,629,355,561,382,591,342
599,430,629,355,561,382,591,342
599,429,628,353,560,381,591,341
599,428,628,353,560,379,591,340
599,427,627,352,560,379,591,339
599,426,626,352,560,377,590,337
598,425,626,352,560,377,589,336
597,424,625,351,559,376,588,336
597,424,624,351,559,376,587,336
596,424,624,351,559,376,587,336
595,424,624,350,558,375,586,335
594,423,623,349,558,375,585,335
594,423,623,348,558,375,585,335
594,421,623,346,558,373,585,333
593,420,623,345,558,370,585,331
593,418,623,344,557,369,584,330
593,417,623,344,556,368,584,329
592,417,622,343,556,368,584,329
592,417,622,343,555,368,584,328
592,417,622,343,555,368,584,328
592,416,622,343,556,368,584,328
593,416,622,343,556,368,584,328
593,416,623,343,557,368,585,328
594,416,623,343,557,368,585,328
595,416,623,343,558,368,586,328
595,416,624,343,558,368,586,328
595,416,624,343,558,368,586,328
595,416,624,343,559,369,586,328
596,417,624,343,559,369,587,329
597,417,624,343,559,369,587,328
597,416,624,343,559,368,588,328
597,416,624,343,559,368,588,328
596,416,624,342,559,368,587,328
596,415,624,341,558,367,585,327
594,415,623,341,557,367,584,327
593,415,621,341,555,367,583,327
591,415,619,342,553,367,582,327
589,416,616,343,551,368,579,328
587,417,615,343,549,370,576,330
584,419,613,344,547,371,576,331
583,421,610,345,544,374,575,333
583,421,609,346,544,374,573,335
582,422,608,347,543,374,572,335
581,422,608,346,543,374,570,334
580,421,608,346,543,373,570,333
579,419,607,344,543,372,569,331
579,418,607,344,542,369,569,329
579,416,607,343,542,369,569,329
579,416,607,343,542,368,569,328
579,416,607,342,542,368,570,328
580,416,607,342,542,368,570,328
580,416,608,342,542,368,570,328
580,416,607,342,542,368,570,328
580,416,608,343,542,369,570,328
580,417,608,343,543,370,570,329
581,419,608,344,543,372,570,331
582,422,608,346,543,374,571,334
582,423,608,347,543,375,572,335
582,424,608,350,543,376,572,336
582,424,608,351,543,377,571,336
581,425,608,351,543,377,571,337
581,426,608,352,543,378,570,338
580,426,608,352,543,379,569,338
579,427,607,352,543,379,569,339
578,428,607,353,543,380,569,339
579,429,607,353,543,381,569,341
579,430,608,355,542,382,569,342
579,431,607,357,542,383,570,343
579,432,607,358,542,384,570,344
579,434,607,360,543,386,569,346
578,436,607,361,542,390,569,349
578,438,607,363,542,390,569,350
578,439,607,364,541,391,569,351
578,439,607,365,541,391,568,351
577,439,607,365,540,392,568,351
576,439,605,366,538,391,567,351
575,439,604,366,538,391,567,351
575,439,602,365,536,391,566,351
574,439,601,364,536,390,564,351
573,439,600,364,535,390,564,351
573,439,600,364,535,390,564,351
573,439,600,364,535,390,563,351
573,439,600,364,535,391,563,351
573,439,600,364,535,391,563,351
572,439,600,364,535,391,562,351
570,439,599,364,533,391,561,351
569,439,599,364,531,391,559,351
568,439,596,365,530,391,559,351
566,439,593,365,528,391,556,351
564,439,592,366,526,392,553,352
560,440,590,367,523,392,551,352
559,441,586,367,520,393,549,352
557,441,584,367,519,393,547,353
555,442,583,368,518,394,545,354
554,443,583,368,518,395,544,355
554,444,583,369,518,396,544,355
554,445,583,370,517,397,544,357
554,446,583,371,518,398,545,358
557,447,584,372,519,399,547,359
561,448,589,375,523,400,551,360
563,449,591,375,526,401,556,361
568,451,596,376,529,403,559,363
571,451,600,376,536,403,562,363
575,451,603,376,536,403,566,363
578,449,606,375,541,400,568,361
578,448,606,374,539,399,567,359
575,445,601,369,536,398,566,358
568,439,596,366,530,392,559,352
566,437,592,362,527,389,552,346
560,431,587,358,522,384,550,343
559,429,585,352,520,378,549,338
559,424,586,351,521,376,550,336
563,421,591,345,526,374,552,333
566,419,592,344,530,369,559,329
572,416,599,342,534,368,561,328
578,415,606,341,540,368,568,327
582,415,608,340,543,367,574,327
586,415,614,341,548,368,576,327
589,416,617,341,552,368,580,328
593,416,620,342,554,368,582,328
597,417,623,343,559,370,584,329
599,419,624,344,561,374,590,333
603,422,629,346,564,376,591,334
608,425,632,350,568,378,594,336
609,427,634,352,569,383,599,342
614,431,639,356,574,384,600,344
616,435,641,360,576,390,604,348
618,438,643,361,578,391,606,351
622,440,647,364,582,393,608,352
624,440,649,365,584,394,611,352
626,440,651,365,585,393,613,352
629,439,654,362,588,392,615,351
630,436,655,360,591,388,616,346
631,432,656,356,591,385,617,344
633,426,658,351,592,380,621,338
635,424,660,349,595,376,623,334
639,418,663,343,599,372,624,331
640,416,665,338,601,368,628,327
641,412,667,336,601,367,629,326
642,408,667,334,601,362,629,321
642,408,667,333,603,360,630,319
642,406,667,329,603,359,630,319
644,405,669,328,605,359,631,318
646,404,671,328,606,359,632,317
648,404,672,328,608,358,634,317
648,404,675,328,610,359,638,317
650,405,676,328,610,359,638,318
648,406,674,329,609,359,637,318
647,406,672,330,606,359,632,319
643,407,669,330,604,360,631,319
638,407,664,331,599,360,625,319
635,407,662,332,596,360,622,320
632,408,657,334,592,361,620,320
631,409,656,335,591,363,617,322
630,411,655,336,591,365,616,323
629,414,655,338,590,367,616,326
628,415,655,340,589,368,616,328
628,416,655,342,590,369,616,329
627,418,654,344,589,372,616,331
626,419,654,344,588,374,615,333
624,420,651,344,585,374,614,333
623,419,648,344,583,373,610,332
621,418,647,344,583,372,608,330
616,417,644,343,578,369,607,329
615,417,642,343,575,369,603,328
612,416,639,342,574,368,601,328
609,416,637,342,571,368,599,328
608,416,636,343,570,369,598,329
607,417,633,343,568,370,596,329
604,418,631,344,567,372,592,331
602,419,630,344,565,373,592,333
600,421,627,345,561,374,590,334
599,421,625,346,560,374,588,335
598,422,624,347,559,374,586,335
593,422,622,346,556,375,583,334
592,421,619,346,552,374,580,334
588,422,615,346,550,374,577,334
584,422,612,347,546,375,575,335
583,423,609,348,544,375,571,336
580,424,607,351,543,377,569,336
578,426,606,353,540,381,568,340
576,430,605,355,538,383,567,342
575,432,601,358,536,384,565,344
574,434,600,359,535,388,561,348
572,438,599,362,534,390,561,350
570,440,598,366,533,392,560,352
570,441,598,367,532,393,559,355
569,443,597,368,532,397,560,356
569,444,597,370,532,399,559,357
569,445,597,370,531,399,559,358
568,444,596,369,530,398,559,357
568,443,595,368,528,394,558,354
567,440,593,367,528,393,556,352
565,438,592,363,527,390,554,351
565,435,591,360,527,388,552,346
563,432,591,358,526,384,552,344
563,431,590,356,525,383,552,343
563,429,590,354,526,383,552,342
564,427,591,352,527,381,552,340
564,426,591,352,527,379,552,339
563,425,591,351,526,378,552,338
561,424,589,351,523,376,551,337
560,424,588,350,522,376,550,336
559,423,585,349,520,375,549,335
559,422,584,348,519,375,546,335
556,422,583,347,518,375,545,334
552,421,579,346,513,375,542,334
551,421,577,347,510,375,537,335
545,423,574,348,508,375,536,335
541,424,568,350,503,376,530,336
538,425,566,351,501,378,527,338
534,428,560,353,496,381,524,341
532,431,558,357,492,383,520,343
529,432,557,359,491,384,519,345
528,434,555,360,489,387,519,347
528,435,555,361,489,388,519,348
528,436,556,361,489,389,519,348
528,435,556,360,489,388,519,348
528,435,555,360,488,387,517,347
525,434,552,360,487,387,514,346
521,433,549,359,483,385,511,345
519,433,546,359,480,385,509,344
516,432,543,359,478,384,505,345
514,432,541,358,475,384,503,344
512,432,540,358,474,384,503,344
511,431,538,357,473,383,502,343
511,431,537,357,472,383,500,343
510,429,536,355,471,382,499,343
507,428,535,353,470,380,496,340
506,427,534,352,469,379,495,339
504,426,532,352,465,378,495,338
503,425,528,351,464,378,492,337
501,425,528,351,463,378,489,337
498,425,526,351,461,377,488,338
497,426,524,352,457,380,487,340
496,427,522,353,456,381,486,341
495,429,520,354,456,382,484,343
494,430,520,355,455,383,483,343
492,431,519,356,454,383,481,343
491,431,519,357,453,383,480,343
490,431,518,357,453,383,480,343
490,430,518,356,453,383,480,343
490,430,518,355,453,382,480,341
489,427,518,353,452,380,480,340
488,425,516,351,450,377,479,337
487,424,515,351,449,376,478,336
486,423,513,350,447,375,476,336
484,423,256,350,446,375,474,335
483,424,511,350,445,376,473,336
481,425,510,351,444,376,472,337
481,427,510,352,443,380,471,340
480,429,509,355,442,382,471,341
480,431,508,357,442,383,471,343
480,431,508,358,442,383,471,343
480,431,508,358,441,383,471,343
479,431,507,356,440,383,470,343
479,430,505,355,440,382,469,342
478,428,504,353,440,380,467,341
478,427,504,352,439,378,468,337
479,425,505,351,440,377,469,337
480,424,508,351,442,376,471,336
480,424,509,350,442,376,471,335
481,423,510,349,443,375,472,335
481,422,510,348,443,375,472,334
480,421,509,347,442,375,471,334
479,420,507,346,441,373,471,333
479,420,506,346,440,372,469,333
477,420,505,346,439,372,468,333
476,421,504,346,439,373,465,333
473,421,503,347,438,373,464,333
472,421,501,347,433,374,463,333
471,421,499,347,432,373,462,334
468,421,497,346,431,372,460,334
465,420,495,346,430,372,457,333
464,420,494,346,428,371,456,332
464,419,493,345,426,371,456,332
464,419,493,345,425,371,455,331
463,419,492,345,425,371,455,331
463,419,492,345,425,371,455,332
463,420,492,345,425,372,455,332
464,420,493,345,427,372,456,332
465,419,495,345,430,371,457,332
467,418,496,344,431,370,460,329
470,416,498,343,432,369,461,329
470,416,500,342,433,367,463,327
471,414,501,341,433,367,463,327
472,411,502,338,434,363,464,324
472,410,503,336,437,360,465,321
474,408,503,335,438,360,466,320
475,407,504,335,439,359,468,320
476,407,505,334,439,358,469,319
475,406,505,332,439,356,469,318
475,404,504,330,439,354,468,315
473,402,504,329,439,353,467,314
474,401,504,328,439,353,468,313
475,401,504,328,440,353,470,314
478,403,508,329,441,353,471,315
480,404,511,331,446,355,473,317
481,406,512,332,447,356,476,319
483,407,513,335,447,358,477,319
483,408,513,336,447,360,477,320
482,409,513,337,447,361,477,321
482,413,513,340,447,364,476,326
482,415,512,342,447,367,476,328
481,417,512,344,447,368,476,328
482,422,513,349,447,372,476,335
482,424,512,351,447,375,476,336
481,428,513,355,447,378,477,340
482,431,513,360,447,383,477,344
483,434,513,361,447,384,478,345
485,438,515,365,448,388,479,350
485,439,516,366,449,391,480,351
487,440,518,367,451,391,480,352
489,442,520,368,454,392,483,353
490,443,521,370,455,393,487,356
495,445,526,372,458,395,488,357
496,446,528,375,463,398,493,359
500,447,530,375,464,398,494,359
502,448,534,375,466,399,496,360
503,448,535,376,468,399,498,360
504,448,536,375,469,399,499,360
505,448,536,375,471,398,501,360
506,448,537,376,471,398,503,360
508,448,540,376,472,399,503,360
509,449,542,378,475,400,504,362
512,452,543,380,477,401,506,364
515,455,547,383,480,405,511,367
517,456,549,384,484,408,514,368
520,459,553,386,486,408,517,370
525,462,557,389,488,411,520,373
526,463,559,390,490,413,522,375
528,464,560,391,493,415,523,375
528,464,560,392,494,415,524,376
528,466,560,393,494,416,524,377
528,469,560,396,494,418,524,382
528,470,560,398,493,423,523,383
527,473,559,400,492,423,522,384
527,474,559,401,491,424,521,385
527,475,558,402,491,424,520,387
526,476,558,403,490,424,520,387
525,476,557,404,489,425,520,387
523,476,556,404,488,425,520,387
521,476,554,404,488,425,519,387
520,476,554,404,487,424,518,386
520,475,553,403,486,424,518,386
519,474,552,401,485,423,517,385
519,473,552,401,485,423,516,384
519,471,552,399,485,422,515,383
519,469,551,398,483,417,514,381
518,468,551,396,483,416,513,379
515,465,548,393,480,415,512,377
513,464,546,392,478,414,509,376
510,464,543,392,476,415,507,376
506,464,539,392,472,414,503,376
504,464,537,392,471,415,501,376
504,465,536,393,470,415,501,376
503,466,536,394,470,415,501,376
503,466,536,394,470,415,501,377
503,465,536,393,470,415,501,376
504,465,537,392,471,414,502,376
504,463,537,391,471,412,502,375
504,461,538,390,471,410,503,373
504,460,538,388,471,409,503,371
504,458,538,386,471,408,503,370
505,457,539,385,472,407,503,369
507,456,540,385,472,407,504,368
508,456,541,384,473,407,504,368
508,456,541,384,473,406,504,367
508,455,542,383,473,406,504,367
509,455,542,383,473,405,505,367
510,455,543,383,474,404,506,367
511,454,543,382,477,403,507,367
512,453,544,382,479,403,509,366
512,453,545,382,479,403,510,366
512,453,545,382,479,402,511,365
512,453,545,382,479,402,510,366
512,453,545,382,479,403,510,366
512,454,544,383,479,404,509,367
512,455,544,383,479,406,508,367
512,456,544,384,478,407,508,368
512,457,545,384,479,407,510,368
513,457,545,385,479,407,510,369
515,456,547,384,480,407,511,368
515,456,547,383,480,406,511,368
516,455,548,383,480,405,511,367
514,453,546,380,480,402,511,365
512,451,545,379,478,400,508,361
511,449,543,376,476,400,505,360
507,448,539,376,472,399,503,360
505,448,537,375,471,398,501,360
502,448,535,375,467,399,497,360
501,448,531,376,464,399,495,360
497,448,529,376,463,399,494,360
496,450,528,377,461,400,492,361
496,452,528,379,462,402,492,365
496,454,528,382,463,404,493,367
497,456,529,384,463,407,494,368
499,456,531,384,464,408,495,370
502,458,533,386,466,408,496,370
503,459,534,386,467,408,496,371
503,459,535,386,467,408,496,371
503,459,535,386,468,408,497,370
503,459,535,385,468,408,497,369
503,458,535,384,468,408,498,368
504,456,536,384,469,407,499,368
505,455,536,383,470,407,499,367
506,455,537,382,471,405,501,367
508,454,538,381,472,403,503,365
511,452,541,379,473,402,504,364
511,451,543,378,476,400,504,362
511,450,543,377,476,400,506,360
512,449,543,376,477,399,506,360
512,448,543,376,477,399,506,360
511,448,543,375,476,399,506,360
511,448,543,375,476,399,506,360
511,448,543,375,475,399,505,359
511,448,543,375,475,399,505,359
510,447,542,375,474,399,504,359
510,447,542,375,474,399,504,359
509,448,541,375,473,398,504,359
509,448,540,376,472,399,503,360
508,448,539,376,472,399,503,361
506,450,538,378,471,401,503,362
505,452,536,381,471,403,502,365
505,454,536,382,471,404,501,367
503,456,535,383,469,407,499,367
503,456,535,384,466,407,496,368
501,457,533,385,465,408,496,369
497,459,529,387,463,409,495,370
496,460,528,387,463,409,490,373
495,461,527,389,459,410,489,373
494,462,525,390,456,412,488,374
493,463,524,390,456,412,488,374
492,463,523,390,456,412,487,374
492,463,523,390,456,411,487,373
493,463,524,389,456,411,488,373
494,461,526,388,457,410,488,373
495,461,527,388,458,409,489,372
495,460,527,387,461,408,490,371
496,459,528,386,463,408,494,370
497,458,529,385,463,408,495,369
498,457,530,384,464,408,495,369
497,457,530,384,463,407,494,368
496,456,528,384,462,407,493,368
495,456,527,383,459,407,490,367
494,456,526,383,457,406,489,367
492,456,524,383,456,406,488,367
492,456,524,384,456,407,488,368
492,456,524,384,456,407,488,368
493,458,525,385,457,408,488,370
493,460,525,386,457,409,488,372
493,462,524,389,456,410,488,372
492,463,523,390,456,411,487,373
490,463,522,390,456,412,487,374
489,463,520,390,455,412,486,375
488,463,520,391,454,413,484,375
488,463,520,391,453,414,484,375
487,464,519,391,452,415,483,375
487,464,519,391,452,415,482,376
486,464,519,392,450,415,481,376
485,464,517,392,449,415,480,376
485,464,517,392,449,415,480,376
484,464,517,392,449,415,480,376
484,464,516,392,449,414,480,375
484,464,516,391,448,414,480,375
483,463,516,391,448,413,480,375
483,463,516,391,448,411,479,373
481,462,514,390,447,411,479,373
480,460,513,388,447,409,479,371
480,459,513,387,446,408,478,368
479,457,512,385,445,407,477,368
479,456,512,383,445,405,476,367
479,454,512,383,445,403,476,367
479,452,512,380,446,400,477,364
479,451,512,379,446,400,477,361
479,450,512,377,445,400,477,360
479,449,512,377,445,399,476,360
479,449,511,377,444,399,476,360
478,448,511,377,443,399,474,360
477,448,511,377,441,399,473,360
476,448,510,377,441,399,472,360
474,448,509,377,440,399,472,360
474,448,508,377,440,399,472,360
473,448,508,377,440,399,472,360
473,449,507,377,440,399,471,361
472,449,507,377,439,399,471,361
472,450,505,377,438,399,470,361
471,450,504,378,436,400,468,360
470,449,503,378,435,399,466,360
466,449,501,378,432,399,464,361
464,449,500,377,431,399,463,361
464,450,497,378,431,399,463,361
463,450,497,378,430,399,462,361
463,450,496,378,430,399,461,361
463,449,496,378,429,399,461,360
462,449,495,377,427,399,459,360
461,448,495,377,426,399,458,360
458,448,493,376,424,398,456,360
457,448,491,376,423,397,454,359
455,448,488,376,421,398,453,359
453,448,487,376,419,398,451,359
452,448,487,376,418,398,450,359
451,447,486,376,416,398,449,359
450,448,485,376,416,397,448,359
449,448,484,376,416,397,448,359
448,448,483,376,415,397,447,359
447,448,482,376,414,398,446,359
446,448,480,376,412,398,445,360
443,448,479,376,409,398,442,360
441,448,477,377,408,398,440,360
439,449,474,377,407,398,439,360
439,449,472,377,403,399,436,360
437,448,471,377,402,399,435,360
434,449,471,378,401,399,434,360
434,449,470,378,401,399,433,360
433,449,469,377,400,399,432,360
432,449,468,377,399,398,432,360
432,449,467,377,399,398,431,360
430,448,464,377,397,398,430,360
428,448,463,377,393,398,426,360
425,448,462,377,392,398,425,360
423,449,458,378,390,398,423,360
422,449,456,379,387,399,420,360
417,450,455,380,385,399,418,361
416,452,453,382,384,400,416,363
416,453,452,382,383,400,416,364
415,454,449,383,382,401,415,365
414,455,448,383,379,401,413,365
410,455,447,383,378,401,411,366
408,454,446,383,376,401,409,365
408,454,445,383,375,401,408,365
407,454,443,383,375,401,408,365
406,454,441,383,373,400,407,365
404,455,440,383,372,400,406,365
401,454,439,383,369,400,404,366
401,454,439,383,368,401,401,365
400,453,437,383,368,400,401,365
400,452,437,382,368,399,400,363
399,450,437,380,367,397,400,360
399,448,437,377,367,396,400,359
399,446,436,375,367,393,400,357
399,445,436,375,367,392,400,354
398,441,433,372,366,390,399,353
396,440,432,369,362,388,397,351
393,439,431,368,361,386,396,351
392,438,430,367,360,385,394,350
391,437,430,367,360,384,393,348
392,437,430,367,360,384,393,348
392,437,431,367,360,384,394,347
392,437,431,367,361,384,396,348
392,437,432,367,362,384,397,348
392,437,432,366,362,383,397,347
392,436,432,366,362,383,397,346
392,435,431,366,361,383,396,345
392,435,431,365,361,383,396,345
392,435,432,366,361,383,396,346
392,436,432,366,362,383,397,347
392,437,432,367,362,384,397,349
392,438,431,367,361,384,396,349
392,438,431,368,360,384,395,350
391,438,431,368,360,385,394,350
391,438,430,368,359,384,393,350
391,438,429,368,359,384,393,350
390,439,428,368,359,384,392,350
390,439,429,368,359,385,393,350
390,439,429,369,359,385,393,351
391,439,430,369,360,386,394,351
391,439,431,369,360,386,394,351
391,439,431,369,360,386,395,351
392,439,431,369,361,385,396,351
392,439,432,369,362,385,398,351
393,439,432,369,363,385,398,351
395,439,433,368,365,385,399,351
395,439,434,368,365,384,400,350
396,439,434,368,366,384,400,350
396,439,435,368,366,384,400,350
396,439,435,368,366,384,400,350
397,439,435,368,367,384,400,350
397,439,437,369,367,385,401,351
399,439,437,369,368,385,401,351
399,439,439,369,368,385,403,351
400,439,439,368,368,385,404,350
400,438,439,368,369,384,404,350
400,437,440,367,370,384,405,349
400,437,440,367,370,383,406,348
400,436,440,367,371,383,406,348
400,436,440,367,371,383,406,348
401,437,440,367,371,384,406,348
402,438,440,368,372,384,407,349
402,439,441,368,372,385,407,350
403,439,441,369,373,385,407,351
403,440,441,371,373,387,407,352
402,440,441,372,372,388,407,352
401,441,441,373,372,390,407,353
401,442,441,374,372,391,407,354
402,443,441,374,372,391,407,354
401,445,440,375,372,391,406,355
402,445,440,375,372,391,406,356
401,446,440,375,371,392,406,357
400,446,439,376,370,392,405,358
400,446,439,376,369,392,404,358
399,447,438,376,368,393,402,358
399,447,438,376,368,394,401,359
399,448,437,378,368,395,401,359
398,448,436,379,367,396,400,360
397,448,435,379,367,396,400,360
397,449,434,380,366,397,400,360
396,449,433,380,365,398,399,360
395,449,433,380,365,397,399,360
395,448,433,379,365,397,399,360
395,448,433,378,365,395,399,360
394,448,433,377,364,395,399,359
393,448,432,377,363,394,398,359
393,447,432,377,362,393,396,359
392,447,431,376,361,393,395,359
391,447,429,377,359,393,392,359
388,447,427,377,358,393,392,359
384,447,424,376,354,393,390,359
384,447,423,377,352,393,387,359
382,447,421,377,351,394,385,359
380,448,420,378,351,395,384,359
380,448,419,379,350,396,384,360
381,448,419,380,350,396,384,360
382,449,420,380,351,397,384,360
383,449,421,380,351,397,385,360
383,450,421,380,351,398,385,361
383,450,421,380,351,398,385,361
382,450,420,380,351,398,384,361
380,449,419,380,350,398,384,360
379,448,418,380,349,397,383,360
378,448,417,379,348,396,383,360
378,448,417,378,348,395,383,359
378,448,417,377,348,395,383,359
380,448,417,377,349,395,383,359
380,448,419,377,350,395,383,359
381,447,419,377,350,395,384,359
382,448,419,377,350,395,384,359
382,448,420,377,351,396,384,359
383,448,420,378,351,396,384,360
383,449,421,379,352,397,385,360
384,450,422,380,352,398,386,361
384,451,423,381,353,399,388,362
385,452,424,382,356,399,390,363
388,453,425,382,356,399,390,363
390,452,426,382,358,399,391,363
390,452,426,381,359,399,392,362
391,451,427,380,359,399,392,361
391,449,428,379,359,398,392,360
391,449,429,379,359,397,393,360
392,448,430,377,360,396,393,359
392,447,430,376,360,393,393,358
392,446,430,375,360,393,394,358
392,444,430,374,360,392,394,356
392,444,430,374,360,391,394,354
392,443,430,373,360,391,394,354
392,442,430,372,360,390,394,353
392,441,430,371,360,390,394,352
392,441,430,371,360,389,394,352
392,441,429,370,360,389,393,352
390,440,428,370,359,388,392,352
385,439,423,368,353,387,387,351
382,439,419,367,345,384,378,349
374,437,410,366,342,384,375,348
368,436,407,366,337,384,371,347
367,436,404,365,335,384,365,347
360,437,398,366,328,384,362,348
359,437,392,367,323,385,356,348
352,438,389,366,320,385,352,349
346,439,383,367,313,386,347,350
344,439,381,367,310,386,343,350
341,439,376,367,307,386,341,349
339,439,375,367,305,385,338,349
338,438,375,366,305,385,337,349
338,438,374,366,304,385,337,349
338,438,374,366,305,385,337,349
338,438,374,366,304,386,337,349
337,439,373,367,304,386,336,350
336,439,373,367,303,388,336,351
336,440,371,368,303,389,335,351
336,441,371,369,303,390,335,352
336,442,371,370,303,391,335,353
336,443,372,372,303,392,335,354
336,444,372,372,303,392,336,355
336,444,372,372,303,392,335,355
335,444,371,372,302,392,335,355
335,444,371,371,301,391,334,354
333,443,369,371,300,391,333,354
330,441,367,370,297,391,330,353
329,441,366,370,296,390,328,352
328,441,364,370,295,390,328,352
327,440,362,369,294,389,327,352
326,440,361,369,293,389,326,352
324,440,360,369,291,390,325,352
323,441,360,370,290,391,324,353
322,442,360,371,290,391,324,354
322,444,359,373,289,392,323,355
321,445,359,374,289,392,323,356
321,446,359,375,289,393,323,356
321,447,359,375,289,393,323,356
322,447,359,375,289,393,323,357
323,447,360,375,290,393,324,357
324,447,360,375,291,394,325,357
324,447,360,375,291,394,325,358
324,447,360,376,290,395,325,358
323,448,360,376,290,395,323,358
321,448,359,376,288,396,322,359
320,448,357,377,287,397,320,359
319,449,356,378,287,397,320,360
318,449,355,379,286,398,319,360
318,450,354,379,284,398,318,361
316,451,353,380,284,399,317,361
313,452,352,381,282,399,316,363
313,452,351,382,281,400,315,363
312,453,350,382,280,400,314,363
311,453,348,381,279,400,312,363
310,454,347,381,278,400,311,363
307,453,345,382,275,400,309,363
306,452,344,381,274,399,308,363
305,451,344,381,273,399,308,363
305,451,344,381,273,399,308,363
305,451,344,381,273,399,308,363
305,451,344,381,274,399,308,363
305,451,344,381,274,399,308,363
305,451,344,381,274,399,308,363
305,451,344,381,273,399,308,363
304,451,343,380,272,399,307,362
304,450,341,380,272,399,306,361
302,450,340,379,270,398,304,360
301,449,339,379,269,397,303,360
300,448,338,378,268,397,303,360
299,448,338,378,268,396,302,360
299,448,338,378,268,396,302,360
299,448,338,378,268,396,303,360
300,448,338,378,268,396,303,360
300,448,339,378,269,396,303,359
301,448,339,378,269,396,303,359
301,447,339,377,269,394,303,359
300,447,338,376,269,394,303,359
300,446,338,375,269,392,303,357
300,446,338,374,268,392,302,355
298,443,337,374,267,391,302,354
297,442,337,373,267,390,301,353
297,442,337,372,266,390,301,353
296,442,336,372,265,390,301,353
296,442,336,372,265,390,300,354
296,442,335,373,264,390,300,354
296,443,335,373,264,391,299,355
296,443,335,374,264,391,300,355
296,443,335,374,264,391,300,355
296,443,335,373,264,391,299,355
296,443,334,373,264,390,299,354
295,441,334,371,264,389,298,353
295,441,333,371,263,388,297,351
294,440,333,370,262,387,297,351
294,439,332,370,262,387,297,351
293,439,332,370,262,387,296,351
293,439,331,370,261,387,296,351
293,439,331,370,261,387,296,351
293,439,331,370,261,387,296,351
293,439,331,369,261,386,296,351
293,439,331,369,261,386,296,351
293,439,331,369,261,386,296,351
294,439,332,368,262,385,296,350
294,439,333,368,262,385,297,350
295,439,334,368,263,385,297,350
295,439,334,368,264,386,298,350
296,439,335,368,264,386,298,350
296,439,335,368,265,386,299,349
296,439,335,368,265,385,299,348
297,438,335,367,266,385,300,348
299,437,336,366,266,384,300,347
301,436,337,365,268,383,302,345
302,434,339,363,269,382,303,344
303,433,340,363,270,382,304,344
304,433,340,362,271,382,304,344
304,433,342,361,272,382,305,344
305,433,342,361,273,382,306,344
305,433,342,362,273,383,306,345
306,435,343,363,273,384,307,347
306,436,343,364,273,384,308,348
306,437,342,366,273,385,307,348
305,438,341,365,272,385,305,349
304,438,340,365,271,385,305,349
303,438,339,365,270,385,303,349
303,438,338,365,268,386,301,349
302,439,337,367,268,387,301,349
299,439,335,367,266,387,299,349
297,439,334,367,265,387,297,350
296,439,333,366,263,387,296,351
296,439,333,367,263,388,296,351
297,440,333,367,264,388,296,351
298,440,334,368,265,390,297,351
299,441,335,369,266,392,299,354
301,444,335,371,266,392,299,355
302,446,336,374,267,395,300,356
302,447,336,374,267,395,300,357
302,447,336,375,268,396,300,357
302,447,336,375,267,396,299,358
300,447,335,375,266,397,298,358
297,447,333,374,263,397,296,359
296,447,330,374,260,396,292,356
292,447,327,374,258,395,291,357
288,445,324,372,255,393,287,356
287,445,323,372,253,393,284,355
285,445,320,372,250,393,284,356
283,445,317,372,248,392,281,355
281,445,316,372,247,393,280,356
279,447,315,373,245,395,278,358
279,447,314,374,244,396,277,358
278,447,313,375,244,396,277,358
276,447,311,375,242,397,275,358
275,448,311,375,241,396,273,358
272,447,309,373,239,395,272,358
272,445,307,372,237,393,270,355
271,444,307,371,237,392,269,355
268,443,304,370,234,391,267,355
266,442,302,370,232,391,265,353
264,442,300,371,230,391,264,352
262,443,298,370,228,391,261,354
260,443,296,370,226,392,259,355
256,445,292,372,223,392,257,355
0,447,291,373,221,395,254,358
254,447,289,375,220,396,253,358
251,449,288,376,218,398,251,360
250,449,286,377,216,399,249,360
248,450,284,379,214,399,248,360
246,451,283,379,213,399,246,361
245,451,282,378,211,399,244,362
241,450,278,378,209,399,242,361
240,450,275,379,205,399,239,360
236,450,274,378,203,398,237,361
232,450,269,378,199,399,233,360
230,450,267,379,195,398,229,361
226,450,264,378,194,399,228,362
224,451,261,379,191,399,225,361
223,452,260,379,190,399,223,361
222,452,260,380,189,399,222,361
221,452,259,379,187,398,221,361
219,450,258,378,187,398,221,361
217,449,255,377,184,398,219,360
216,449,254,377,182,397,217,359
214,448,252,377,180,396,215,359
210,448,249,376,179,395,213,358
209,448,248,376,176,395,210,359
206,448,245,376,173,396,208,359
205,448,242,377,172,396,206,359
202,449,241,377,171,396,205,359
201,449,240,376,168,397,203,359
201,449,239,376,168,397,203,359
201,449,239,376,168,397,203,359
201,448,240,376,169,396,203,358
201,448,240,376,169,395,204,357
202,448,240,376,169,394,204,357
201,448,240,375,169,393,204,356
201,448,240,375,169,393,204,356
201,447,240,375,169,393,204,356
201,447,241,375,170,393,204,356
202,447,241,375,170,393,204,356
202,445,241,374,170,392,204,355
202,444,241,374,170,392,204,355
201,443,240,372,169,391,204,354
201,442,239,370,168,389,203,353
199,440,239,369,168,388,203,352
198,439,237,369,166,386,201,351
197,439,237,369,164,387,199,351
195,440,235,368,163,387,198,350
194,440,234,369,163,387,198,351
195,440,234,369,163,387,199,351
197,440,236,370,164,387,200,351
199,440,240,370,169,389,203,352
202,441,242,371,171,389,205,352
204,443,244,372,173,390,208,352
206,442,244,372,174,390,210,353
207,441,246,371,175,390,210,353
207,440,247,370,176,389,211,352
208,440,247,369,176,388,212,351
209,440,248,369,178,388,212,351
209,440,249,369,179,388,213,351
210,441,250,369,179,388,214,352
210,441,250,370,179,388,214,352
210,442,251,371,179,388,214,352
211,442,251,372,179,388,214,352
211,442,251,372,179,389,214,353
211,442,251,373,179,389,214,353
210,443,250,373,179,389,213,353
210,443,250,374,178,390,213,354
209,443,249,374,178,390,213,354
208,442,249,374,178,390,212,354
208,442,248,373,178,390,213,354
208,442,249,373,178,390,213,353
209,442,250,373,179,389,213,353
210,442,250,373,179,388,214,352
210,442,251,372,179,388,215,352
211,442,251,372,180,388,215,352
211,442,252,372,180,388,216,352
211,443,252,372,180,389,216,352
212,442,252,372,181,389,218,352
214,440,254,371,183,387,218,352
214,440,256,369,185,386,220,351
215,440,256,369,186,385,221,350
216,439,257,368,186,385,222,350
217,439,257,368,187,385,222,350
217,438,258,368,187,384,222,349
218,437,258,368,188,383,223,349
219,437,259,368,189,383,225,348
220,436,261,367,190,383,226,348
220,436,261,366,190,382,227,347
220,435,262,366,191,382,227,346
222,433,263,366,192,381,228,346
222,433,264,365,195,379,230,344
224,432,266,364,195,379,230,344
225,432,267,363,196,379,232,343
225,432,267,363,196,379,232,343
226,432,267,363,196,378,232,343
226,432,268,364,197,378,233,343
226,432,268,364,197,378,233,343
227,434,268,364,197,379,234,344
227,434,269,365,198,381,235,346
228,435,270,366,199,381,235,347
229,435,271,367,201,382,236,347
230,435,272,367,202,382,237,346
232,434,273,367,203,380,239,346
234,435,276,366,205,382,242,347
236,436,278,367,207,383,243,347
238,437,280,368,209,383,245,349
240,438,281,368,211,384,248,350
242,438,283,371,213,385,249,351
244,439,284,371,215,385,250,351
245,440,285,372,216,386,252,353
245,441,287,373,217,387,252,353
246,441,287,374,218,388,253,354
246,441,287,374,218,388,253,354
245,441,286,373,217,387,252,354
245,441,285,373,216,386,250,352
243,439,284,371,214,385,250,351
243,437,284,370,214,384,250,350
243,437,285,369,214,384,250,348
245,437,286,368,216,383,252,348
246,436,287,367,219,381,254,347
250,434,290,366,220,380,256,346
252,433,292,364,222,379,258,345
253,432,293,363,224,377,260,342
254,430,294,361,225,376,260,341
254,429,296,360,226,375,260,340
256,428,296,359,227,374,261,340
258,427,297,359,228,373,263,340
259,427,298,358,230,375,265,340
260,428,300,359,230,375,266,340
261,429,302,359,232,375,267,340
261,429,302,360,232,376,268,340
263,430,303,360,233,376,268,340
264,430,304,360,234,377,269,341
265,430,304,360,235,378,270,342
266,430,305,360,236,378,270,343
266,429,305,360,237,377,271,342
267,428,306,361,237,376,272,342
268,428,308,359,239,375,274,341
268,427,309,358,239,375,275,339
270,425,310,358,241,374,275,339
271,424,312,355,243,371,277,336
273,423,313,353,244,371,278,335
275,420,314,351,245,367,280,333
276,419,314,349,246,365,281,329
277,416,316,348,247,363,281,328
277,413,317,345,247,360,282,325
276,412,317,344,248,360,283,324
276,411,317,342,248,359,283,323
277,410,317,342,248,358,283,323
277,410,317,342,248,358,283,323
277,410,317,342,249,358,283,323
277,409,317,342,249,357,283,323
278,408,317,341,249,356,283,322
278,407,316,339,249,353,283,320
277,406,317,338,248,352,283,317
276,403,317,336,248,351,283,316
276,402,316,333,248,349,283,315
277,400,316,332,247,346,282,313
276,396,316,331,247,344,282,310
276,396,316,330,246,343,282,309
275,396,314,328,246,343,281,308
274,394,313,327,244,341,279,307
273,393,313,326,244,340,278,306
272,392,312,326,244,340,278,306
271,392,311,325,243,339,277,305
270,391,311,325,243,339,277,305
270,391,311,323,242,338,277,303
270,390,311,321,241,336,277,301
270,388,311,320,241,335,276,300
270,385,311,319,242,333,276,299
270,384,310,318,242,332,276,297
269,382,309,315,241,329,276,295
268,380,309,314,240,327,276,292
267,379,308,313,239,326,275,291
265,376,306,310,236,323,273,290
263,376,306,310,235,323,271,288
262,375,303,309,234,321,270,288
259,373,301,308,232,320,268,287
259,373,300,308,231,320,267,287
258,373,300,308,231,320,267,287
259,373,300,308,232,319,268,286
260,372,301,307,232,319,269,285
261,373,304,307,234,319,270,286
262,373,305,306,236,318,272,285
264,373,307,307,237,318,273,285
266,372,307,307,238,319,275,284
267,372,308,307,239,319,276,285
267,372,308,307,239,319,275,285
266,373,308,308,239,320,275,286
266,374,308,308,239,320,275,288
266,375,308,308,239,321,275,289
266,376,308,308,238,322,275,290
265,376,308,309,238,322,275,291
265,377,307,311,237,324,274,291
265,377,307,311,237,324,274,291
264,378,306,313,237,325,273,291
264,378,306,313,237,325,273,292
265,378,306,313,237,325,273,292
266,378,307,312,237,325,274,291
266,377,307,310,239,323,275,291
267,376,308,309,239,322,275,291
267,375,308,308,240,321,275,289
267,374,308,308,240,320,276,288
267,373,308,308,240,320,276,288
267,373,308,308,240,320,276,287
267,373,308,308,239,320,275,288
266,374,308,308,239,321,275,289
265,375,308,309,238,322,274,290
265,377,308,310,238,323,274,291
266,378,308,312,239,325,275,291
267,379,308,313,239,326,276,292
267,379,308,313,240,326,276,292
267,379,309,313,240,326,276,292
267,379,309,313,240,326,276,292
267,379,309,312,241,325,276,292
268,379,310,312,241,325,277,292
268,378,311,312,242,324,277,292
270,377,312,312,244,324,279,291
271,377,313,312,244,324,281,291
273,377,315,312,245,324,282,291
273,377,316,311,246,323,283,291
274,377,316,310,247,323,283,290
273,375,316,309,246,321,283,290
273,375,316,308,246,320,283,288
273,374,316,308,246,320,283,288
273,374,316,308,246,320,283,287
273,374,315,308,246,320,282,288
273,375,315,308,246,321,282,289
273,376,315,309,245,322,282,290
272,376,315,310,245,323,282,291
272,377,314,313,244,324,281,291
271,378,314,314,244,325,281,292
271,379,314,314,245,325,281,292
273,379,315,315,246,326,282,292
274,379,315,314,246,327,283,292
275,379,316,314,247,326,284,292
275,379,316,313,248,326,284,292
275,379,317,312,248,326,284,292
276,378,318,311,249,324,284,291
276,377,318,310,250,322,285,290
276,375,318,309,250,322,285,289
276,374,318,309,250,321,285,288
276,374,317,308,249,321,284,288
275,375,317,308,248,321,284,289
274,376,316,309,247,322,283,290
274,377,316,311,247,324,283,291
273,379,315,314,246,326,282,292
272,380,314,315,245,327,281,294
270,382,314,316,244,329,280,295
269,384,311,318,243,331,278,298
268,386,311,320,241,334,277,300
267,388,309,323,241,335,277,301
266,390,309,324,240,336,276,304
266,391,309,325,240,336,276,306
265,392,309,326,240,337,276,306
265,391,308,325,239,336,275,305
264,390,308,324,238,336,275,304
260,387,305,323,236,332,272,300
259,387,303,321,232,329,269,299
256,383,300,318,230,328,267,297
252,381,298,316,228,326,265,295
252,380,297,316,227,326,263,294
251,380,294,316,225,327,262,293
249,381,292,316,223,327,260,293
246,381,291,316,221,326,259,293
244,380,289,315,219,324,256,293
243,379,288,315,217,325,254,292
241,377,286,315,216,324,254,292
241,377,286,314,216,323,254,292
241,377,286,314,216,322,254,291
240,376,286,312,216,321,253,291
240,375,285,310,215,320,253,288
239,374,285,309,215,319,253,286
239,370,285,308,214,316,253,284
239,369,284,306,215,313,253,283
240,367,286,303,216,312,254,281
243,364,288,301,218,310,255,278
243,363,289,299,219,308,257,275
245,361,290,298,220,307,258,275
245,359,292,294,222,303,259,272
246,356,292,292,222,302,260,270
247,352,292,290,223,298,260,268
248,352,293,288,225,296,262,265
250,350,294,286,225,295,262,264
251,348,295,285,226,294,263,263
251,348,295,285,226,294,263,262
251,348,296,284,227,293,264,262
251,348,296,285,226,294,263,263
251,348,296,285,226,294,263,263
250,349,295,285,225,295,263,263
250,349,294,285,225,295,262,263
249,350,293,285,224,295,261,263
250,350,294,286,225,296,262,265
250,351,295,287,226,297,262,267
252,353,296,289,227,299,264,267
252,354,296,290,228,300,265,267
253,353,298,290,228,300,265,267
254,353,298,290,228,299,266,267
254,352,298,289,229,297,266,267
255,351,299,287,230,297,267,266
258,349,301,285,232,295,269,263
259,348,302,284,233,295,270,262
260,348,305,283,236,293,272,261
260,347,305,282,236,292,272,260
260,346,304,282,236,292,272,259
259,345,302,280,234,290,270,260
257,344,300,280,232,290,267,259
254,345,298,281,228,291,265,259
251,346,294,281,226,291,262,260
249,345,292,281,224,291,261,259
246,345,290,282,220,291,258,259
245,346,290,282,220,292,257,259
244,346,289,282,219,291,256,259
245,346,289,282,220,292,256,259
245,346,289,282,220,291,257,259
247,345,291,282,221,291,258,259
249,345,294,280,226,290,262,259
254,343,297,279,228,290,264,258
260,340,302,276,234,288,270,255
264,340,307,275,242,285,277,252
271,337,313,272,244,284,280,251
277,333,318,269,250,282,285,248
279,333,320,267,252,279,288,246
282,331,323,266,255,279,290,244
283,330,324,263,257,277,291,243
285,329,325,262,258,276,292,243
286,328,326,262,259,275,293,243
287,327,327,262,260,275,294,242
288,327,328,261,260,275,295,242
290,327,329,261,261,275,296,242
290,327,330,261,262,275,298,242
292,328,332,261,264,275,298,242
292,327,332,261,265,275,299,242
293,327,332,260,265,274,299,242
292,325,332,260,265,273,299,241
292,324,332,260,265,272,299,239
292,324,331,259,264,271,299,238
291,323,331,258,263,271,298,237
291,323,330,258,263,272,297,237
290,324,330,258,262,272,296,238
290,324,330,259,262,272,296,239
289,324,329,259,261,272,295,239
286,324,327,258,259,271,294,238
285,323,326,258,258,270,292,236
284,322,324,256,257,270,292,236
283,320,324,253,255,267,290,234
283,319,324,253,255,266,290,233
282,317,323,251,255,265,290,232
283,316,323,251,256,264,291,231
283,315,323,251,256,263,292,229
284,314,325,247,258,261,292,228
285,311,325,245,258,258,292,224
285,308,326,243,258,256,293,222
287,305,328,239,260,252,294,220
288,303,329,237,260,251,296,216
290,299,331,235,262,247,297,214
290,299,331,230,263,244,298,211
291,294,331,228,263,242,298,210
290,292,331,227,263,240,298,206
290,291,330,226,262,238,297,204
290,291,330,225,263,238,298,204
290,291,331,224,263,238,298,203
290,291,330,224,263,237,298,203
289,289,330,222,261,236,297,203
288,288,328,221,259,235,294,201
285,284,325,220,258,233,293,199
282,283,323,217,255,229,291,195
280,281,321,215,253,227,287,194
277,278,318,213,251,226,286,192
276,277,316,212,248,224,284,191
274,277,316,212,247,224,283,192
271,278,313,212,244,225,280,192
269,278,311,213,242,226,276,193
267,279,308,213,240,226,275,194
265,281,306,216,238,228,274,195
264,282,306,217,237,228,273,196
263,283,306,217,236,229,273,196
263,283,305,217,236,228,272,196
263,282,305,216,236,228,273,194
264,278,307,212,238,225,274,193
266,275,307,208,240,220,275,187
268,270,309,205,241,217,275,185
269,266,311,201,243,212,277,180
269,263,311,198,243,208,277,174
267,259,309,194,241,205,276,172
265,255,306,190,236,202,273,169
260,253,302,189,234,201,270,168
254,253,298,188,228,199,265,167
252,253,294,188,222,201,259,168
246,255,290,190,220,202,257,169
243,257,286,192,218,203,253,171
242,258,285,192,217,203,252,172
242,258,285,192,216,203,252,172
242,256,286,191,217,202,253,170
244,254,287,190,218,201,510,168
246,252,291,187,221,197,257,166
249,251,291,187,224,196,260,164
251,249,295,184,227,195,262,163
255,246,298,182,228,193,265,161
255,246,299,181,229,192,267,159
256,244,299,179,229,190,267,158
0,243,299,179,229,189,266,156
255,243,299,179,229,189,266,156
257,244,299,179,230,190,267,157
257,244,299,179,232,192,268,159
260,246,301,181,233,194,268,161
262,250,303,184,235,195,270,163
263,251,305,184,236,196,273,164
265,251,307,187,238,198,274,165
266,252,308,188,240,200,275,167
268,253,308,188,241,201,276,167
270,254,311,189,243,202,278,168
271,255,313,189,245,203,281,169
275,256,315,189,246,203,282,170
276,256,316,189,249,203,283,170
276,256,317,189,249,203,283,171
278,257,318,190,250,203,284,171
278,258,319,191,252,205,285,172
281,259,320,192,252,206,287,173
284,261,323,195,255,210,290,175
285,262,324,196,259,211,291,178
288,265,326,197,260,212,293,179
290,266,329,198,261,213,295,179
291,267,330,198,262,214,297,180
293,268,332,199,264,215,299,180
294,268,333,201,266,217,300,181
296,269,334,202,266,218,300,182
298,270,336,203,268,220,302,184
299,271,337,203,270,220,304,185
301,272,339,203,272,220,306,186
305,272,342,204,276,220,308,186
307,271,344,203,277,220,310,185
310,270,347,203,281,219,314,184
312,269,350,200,283,218,316,182
315,267,352,200,284,217,317,181
316,268,353,198,287,216,319,181
317,267,354,198,288,216,321,180
318,267,355,198,288,216,321,180
316,268,353,198,286,216,319,181
315,267,351,199,284,217,317,182
309,269,346,202,279,219,312,183
307,271,340,204,274,222,307,187
300,276,338,206,271,224,304,188
296,280,333,212,267,228,299,194
295,282,332,212,265,234,297,198
294,286,331,219,264,235,297,200
295,290,332,220,265,239,298,203
297,291,333,222,266,242,299,205
299,292,335,224,268,243,301,206
300,292,337,225,271,243,303,207
303,293,339,224,273,243,305,207
306,291,341,221,275,241,307,204
307,291,342,221,276,237,308,203
309,286,345,217,278,236,310,201
311,283,348,214,282,234,314,197
315,283,349,213,283,232,316,196
318,280,354,210,287,230,318,194
320,279,355,209,291,227,321,192
323,277,357,208,292,228,322,192
324,277,359,207,293,228,324,191
325,277,360,207,294,227,326,190
328,277,362,206,296,227,327,190
329,276,364,205,298,227,328,190
331,275,364,204,298,227,329,189
331,275,364,204,298,226,329,189
331,275,364,204,299,226,330,188
331,275,364,204,299,226,330,188
332,276,364,204,299,227,330,189
332,276,365,205,299,228,330,190
332,277,365,206,300,228,330,191
333,278,365,207,300,229,329,192
333,278,365,208,300,229,329,193
333,280,364,209,299,231,329,193
333,281,364,209,300,232,331,195
334,281,366,210,300,232,331,195
336,281,367,210,302,233,331,195
336,281,367,210,302,234,331,195
335,281,366,211,301,234,331,195
334,282,363,211,299,234,329,196
331,283,363,211,297,235,326,196
327,284,357,212,293,236,323,197
324,284,356,212,289,236,318,199
322,286,353,214,287,238,317,200
321,288,352,216,287,240,316,203
322,289,353,217,288,241,316,203
323,289,354,217,289,241,317,202
324,288,355,214,290,239,318,200
325,285,355,213,290,237,319,199
324,284,355,211,290,235,318,198
324,283,355,211,290,235,318,197
324,283,355,211,290,235,319,197
326,284,356,212,291,235,320,198
327,285,356,212,292,236,321,198
328,284,357,212,293,236,322,197
328,284,356,211,292,236,321,197
325,282,355,211,291,235,320,197
323,283,354,210,288,235,316,196
323,283,352,210,286,236,316,196
321,283,350,211,285,236,315,196
320,284,349,212,284,236,314,197
319,284,349,212,284,236,313,197
317,283,347,211,283,235,312,197
317,282,347,210,282,234,310,195
315,281,346,208,280,232,309,194
313,278,344,206,278,230,308,192
313,278,344,206,278,229,308,192
313,279,344,207,278,230,308,193
315,283,346,210,281,234,309,195
316,283,347,211,282,235,312,198
321,287,352,214,286,237,316,200
325,288,357,216,292,239,322,202
328,287,360,216,294,239,323,203
332,285,364,213,298,236,327,199
332,284,364,212,298,234,330,195
335,280,366,209,300,231,331,195
337,278,368,206,302,228,332,191
338,277,369,205,303,228,333,190
339,276,372,204,306,227,335,190
340,276,372,205,307,227,337,190
341,277,372,205,308,228,337,191
342,279,373,207,308,229,338,193
342,280,374,208,308,230,339,195
342,280,374,209,308,231,339,195
342,280,373,209,308,231,339,195
341,281,373,209,308,231,338,194
340,281,372,210,307,232,338,194
341,282,373,212,307,233,339,195
342,283,375,212,309,235,340,196
346,286,380,215,314,236,344,200
350,288,382,216,316,238,348,203
356,290,387,218,322,241,352,203
358,290,393,219,328,243,356,204
364,291,395,219,330,242,360,205
368,289,400,219,334,242,364,204
369,289,402,218,337,240,367,202
373,287,404,216,339,238,369,201
374,285,406,213,341,236,371,199
375,284,407,212,341,236,372,196
377,282,409,211,343,235,372,196
377,282,409,211,344,234,372,196
377,282,409,211,343,234,372,196
375,282,408,211,342,234,372,196
374,282,406,212,340,234,371,196
372,283,405,212,339,234,370,196
372,284,404,213,339,235,369,198
372,285,404,214,339,236,369,200
373,287,404,216,340,238,370,201
373,289,403,218,339,241,369,203
370,290,403,219,337,241,367,203
368,290,401,219,335,242,364,204
367,290,400,220,332,243,364,204
365,291,398,220,332,243,364,204
364,292,397,221,331,243,362,206
364,292,397,221,331,243,362,207
364,293,397,222,332,244,362,207
365,293,398,222,332,244,363,207
366,294,399,223,333,244,364,207
368,294,402,223,335,244,366,207
369,294,403,223,339,244,369,208
373,295,405,225,340,245,370,210
376,296,409,227,343,248,373,212
378,298,411,228,345,250,378,213
382,302,415,230,349,252,380,215
384,303,419,233,353,253,383,217
386,303,419,233,354,254,385,217
387,303,420,233,355,254,386,218
387,303,420,233,355,253,385,217
386,302,420,231,354,252,385,216
386,301,419,230,353,251,384,215
385,301,419,230,353,251,383,214
384,300,418,229,351,251,382,214
383,300,416,229,350,251,381,213
382,299,416,229,350,251,381,213
381,299,415,228,349,250,380,212
381,299,414,228,347,250,380,212
380,299,413,228,347,250,380,212
379,300,412,229,347,250,379,213
378,300,412,229,346,250,377,214
377,301,411,231,345,251,377,215
376,302,410,233,343,252,375,216
374,304,409,234,342,252,374,217
373,306,408,236,340,255,372,220
372,307,408,237,341,258,373,221
373,309,408,239,341,259,374,222
375,311,411,242,343,260,376,225
376,312,411,243,345,261,379,227
378,313,413,244,348,263,379,227
380,314,416,244,349,263,381,228
382,313,418,244,350,263,382,228
383,312,419,243,352,263,385,227
384,312,419,243,353,262,386,227
384,312,419,243,353,261,386,226
384,311,419,241,354,259,385,225
384,310,420,240,354,259,386,222
386,307,420,237,355,257,387,220
387,306,424,235,357,254,389,219
391,303,427,234,359,253,392,217
396,301,431,232,365,252,397,215
399,300,434,231,370,249,402,212
402,297,437,228,371,247,403,211
402,295,438,226,372,245,403,210
402,294,438,225,371,243,403,207
403,292,439,223,371,243,404,205
404,292,441,223,374,243,406,206
408,293,443,223,377,243,408,206
412,294,447,224,380,244,412,207
415,295,450,225,386,244,418,209
418,296,454,227,388,245,419,210
423,297,458,228,391,247,423,211
423,297,459,228,392,248,425,212
426,299,461,229,395,249,428,212
428,299,463,231,398,251,430,214
432,302,467,232,402,251,433,215
437,305,471,235,405,254,436,219
438,307,473,237,406,259,439,223
439,312,474,243,407,262,439,226
439,317,473,247,407,267,439,231
439,319,473,250,406,269,439,235
437,322,473,252,406,272,437,236
437,323,472,253,406,273,438,237
438,322,474,253,407,273,439,237
440,320,476,251,411,270,443,235
443,318,478,249,412,265,446,229
447,312,483,243,416,261,448,226
449,304,485,236,420,253,451,219
451,300,487,231,420,251,453,210
454,292,490,223,424,242,456,206
455,288,491,216,427,234,459,198
458,281,494,212,428,230,460,196
461,276,497,207,430,226,463,190
462,274,498,205,431,221,465,187
463,272,499,203,432,220,466,186
463,272,500,203,434,220,467,186
464,272,500,204,434,221,467,186
464,275,501,206,434,225,467,189
463,278,500,209,433,228,466,193
462,280,499,212,432,230,466,195
458,284,496,215,429,233,461,197
456,284,494,216,427,234,458,198
451,285,489,216,421,234,455,198
449,286,484,217,417,234,450,198
445,285,482,217,415,234,448,199
442,286,480,217,412,235,446,199
442,286,480,217,412,235,446,199
444,286,482,218,414,235,447,200
448,286,484,218,418,235,450,199
449,285,486,216,419,235,454,197
455,282,491,213,424,232,457,196
456,280,497,212,429,229,462,195
463,279,499,211,432,228,465,193
466,277,503,208,435,227,468,190
467,276,504,207,437,224,469,188
469,273,505,205,438,223,470,188
470,272,507,203,439,222,472,186
471,272,507,203,440,221,474,185
472,271,508,203,442,220,475,185
473,271,512,202,444,220,477,184
478,271,514,202,446,220,479,184
480,270,517,200,451,219,483,183
481,269,518,199,451,217,484,181
481,266,518,197,451,215,484,180
479,264,516,196,449,213,483,179
478,264,515,195,447,213,479,177
474,263,512,194,444,212,477,177
473,264,509,196,443,213,476,178
472,265,509,196,443,214,475,179
474,270,511,200,444,219,477,182
476,271,513,202,448,222,481,186
480,274,517,205,450,223,483,188
484,278,521,208,453,227,486,191
486,279,522,210,455,227,489,192
487,279,523,211,457,229,490,193
487,280,524,211,457,229,490,194
487,280,524,212,457,230,490,195
488,280,524,212,458,230,491,195
488,280,524,212,460,230,492,195
492,281,528,212,461,230,493,195
495,281,531,212,463,231,496,195
495,281,531,212,464,231,498,195
496,281,532,212,466,230,499,195
497,280,535,212,468,229,500,195
500,280,537,211,469,229,501,194
501,279,538,210,470,229,503,193
501,279,538,210,469,227,503,191
498,277,536,208,468,227,502,190
495,275,532,206,464,225,498,189
492,274,529,206,462,224,495,188
487,275,524,206,456,224,490,188
484,275,519,207,452,226,485,189
480,278,518,209,450,226,484,190
479,279,515,211,449,227,482,193
479,280,516,212,449,230,483,195
480,282,518,214,450,231,484,196
486,285,522,216,455,233,489,198
488,286,526,217,459,235,491,199
495,286,531,218,464,235,497,199
496,286,533,216,468,235,501,198
500,284,536,215,469,234,502,198
501,282,538,213,471,231,503,196
502,281,539,212,471,230,504,194
502,280,539,211,471,229,504,194
501,279,539,211,470,229,504,193
500,279,538,210,469,228,503,193
499,279,537,210,468,228,502,192
499,279,537,209,468,227,502,192
500,278,537,209,469,227,503,191
502,276,538,207,471,225,504,190
503,275,539,207,472,224,506,189
503,274,540,205,473,224,507,188
504,274,541,206,473,224,507,188
504,275,542,206,474,224,507,188
505,276,543,207,475,226,508,189
506,277,544,208,476,227,510,191
508,279,545,209,476,228,511,192
509,280,546,212,478,230,510,194
509,281,546,213,478,233,511,197
510,285,545,216,478,234,511,198
510,287,546,218,478,237,511,201
510,288,546,220,478,238,511,203
509,290,545,222,478,240,510,204
509,292,544,224,476,243,510,206
508,295,544,225,476,244,510,208
508,296,544,226,477,245,509,210
508,296,544,227,477,247,509,211
510,297,545,229,478,247,509,211
510,297,547,228,479,247,512,211
512,297,548,228,480,247,514,211
513,296,548,227,482,245,515,211
513,295,549,225,483,244,515,209
513,294,550,225,483,243,515,207
511,292,547,222,480,241,513,205
511,291,546,221,479,240,510,204
507,289,543,221,476,239,508,204
505,290,541,221,473,240,507,204
503,291,540,221,472,240,506,206
501,293,537,224,469,242,503,206
499,295,536,226,468,244,500,210
497,297,533,228,466,247,499,211
497,303,533,234,467,252,498,216
497,304,533,236,466,258,500,220
500,311,535,240,468,260,501,224
502,314,538,245,471,264,502,228
504,316,538,245,472,265,504,230
504,317,540,247,473,266,505,230
504,316,540,245,473,265,505,230
504,314,539,244,472,264,505,228
504,312,538,242,471,262,503,225
503,311,537,241,470,259,502,223
502,308,535,239,468,259,501,221
499,306,533,237,466,258,499,220
498,306,532,236,465,257,499,220
498,305,532,236,465,257,499,220
499,305,534,237,467,257,499,220
502,306,535,237,468,258,500,220
503,307,536,238,470,258,501,221
504,307,537,238,470,258,502,222
504,308,538,237,471,258,502,222
504,307,538,237,472,257,503,222
504,307,539,236,471,257,503,220
504,305,539,235,471,256,502,219
505,304,538,234,472,255,503,218
505,303,538,234,472,254,504,217
507,303,540,232,473,253,504,216
507,303,541,231,474,253,505,216
509,303,542,231,475,252,505,216
509,303,542,231,475,252,505,215
509,303,542,231,475,252,504,215
506,303,539,231,473,253,504,215
505,302,536,232,470,254,502,216
503,303,535,232,469,254,500,218
500,304,532,235,465,256,498,218
499,305,532,236,464,257,495,220
497,307,531,236,464,257,494,221
497,308,530,237,464,258,494,222
497,308,530,237,464,258,495,222
500,308,532,236,466,259,496,222
502,307,533,236,468,259,498,220
504,307,535,236,469,258,500,220
506,305,539,235,472,257,502,220
508,304,539,235,473,256,505,218
510,304,541,233,474,255,505,217
510,302,541,230,475,252,505,216
510,301,541,229,475,252,505,213
510,297,540,227,474,249,505,211
510,296,541,224,473,246,504,209
510,295,541,223,474,246,504,208
510,294,541,221,474,245,504,207
510,294,541,221,475,244,504,207
511,294,541,221,475,244,504,207
510,295,541,222,474,245,504,207
509,295,540,223,473,246,503,208
508,296,538,225,472,248,503,209
507,296,539,227,472,249,502,212
508,300,539,228,473,251,502,214
509,303,540,230,473,253,504,216
510,303,541,231,475,255,505,217
511,304,542,233,476,256,506,218
512,305,543,234,478,257,508,220
512,306,544,234,478,257,508,220
514,307,546,236,480,258,509,221
515,307,547,236,481,258,510,221
516,306,547,235,481,258,510,221
517,304,547,234,481,257,511,219
518,304,547,232,482,255,512,217
519,303,549,231,483,254,513,216
521,302,551,230,486,253,515,215
522,301,553,229,487,252,518,214
526,299,556,228,490,251,519,214
527,299,556,228,491,251,520,214
527,299,556,228,491,251,520,214
525,300,555,228,489,252,518,214
523,301,553,229,487,254,517,214
522,303,552,230,487,254,516,216
522,304,552,233,486,257,516,220
522,306,552,234,486,261,515,221
521,311,551,238,486,262,514,224
520,313,549,241,484,266,513,226
519,314,548,243,483,267,256,230
518,316,547,244,482,268,511,230
518,317,547,244,482,269,511,231
519,317,547,244,482,269,511,231
520,317,548,244,484,268,512,231
520,317,549,244,484,268,513,230
521,315,550,243,484,268,514,229
521,314,550,242,484,267,515,228
521,313,550,241,485,267,514,228
520,313,549,242,484,267,513,228
520,313,549,242,483,267,513,228
520,314,549,242,484,268,513,229
520,315,549,242,484,268,513,229
520,316,549,243,484,268,513,230
521,317,549,244,485,269,513,230
520,318,549,245,485,269,512,231
520,318,549,245,485,270,512,232
520,319,549,245,483,271,512,232
520,319,548,246,483,272,511,233
520,320,548,247,483,273,511,233
520,320,547,248,483,274,511,234
520,320,547,248,483,275,511,234
520,320,549,248,484,275,511,234
522,320,550,248,485,274,513,234
524,320,551,248,486,274,514,235
526,320,552,248,487,274,516,236
526,321,552,249,488,276,515,236
527,323,552,250,488,277,515,236
526,326,552,252,487,279,514,239
525,327,551,254,487,280,513,241
524,328,551,255,486,281,513,242
523,328,550,256,485,282,513,242
522,328,550,256,484,283,513,243
522,328,550,256,484,283,512,242
522,328,550,255,485,282,513,242
523,328,550,255,486,281,513,242
524,328,551,255,486,281,514,242
525,328,551,255,487,281,514,242
526,328,552,255,488,281,515,243
526,328,551,255,487,281,514,242
524,328,551,255,486,281,514,242
522,328,550,255,485,282,512,242
522,328,550,256,484,283,512,242
523,328,550,256,484,283,513,243
525,329,551,256,487,283,515,244
527,329,552,256,488,283,516,244
528,330,554,257,491,283,517,244
528,329,557,257,492,284,520,245
533,329,558,257,493,284,521,245
535,329,561,256,498,283,524,244
536,329,562,255,500,283,526,242
539,328,566,254,501,282,528,241
542,327,568,253,504,280,530,241
543,326,570,252,505,278,533,239
544,325,571,251,507,277,534,239
545,324,572,251,509,277,535,238
547,324,573,250,509,277,536,238
548,323,573,250,509,277,536,238
547,323,573,250,509,277,535,238
546,325,572,251,509,277,535,239
546,326,572,251,509,278,535,239
547,327,572,252,510,280,536,240
548,327,573,252,510,280,536,240
548,327,573,252,510,280,536,240
547,327,573,252,510,280,536,240
546,327,572,252,509,280,535,240
546,327,572,252,509,280,535,240
547,327,572,252,510,279,536,240
549,325,574,251,510,278,536,239
550,324,575,250,511,277,538,237
550,322,576,248,512,276,539,236
550,320,576,247,512,274,540,236
550,320,576,247,512,273,539,235
550,320,576,246,512,273,538,234
550,319,576,246,512,272,538,234
551,319,577,246,512,272,539,233
552,319,579,244,514,271,542,232
553,318,580,244,516,270,544,231
557,318,583,243,519,270,545,230
558,316,585,242,520,270,547,229
559,315,586,242,521,269,548,228
559,314,586,241,523,268,548,228
559,313,586,240,523,267,548,227
559,313,585,239,522,266,548,227
557,312,584,239,519,265,547,227
555,312,583,239,518,266,544,225
552,312,581,239,516,266,543,225
551,312,578,239,514,266,541,226
551,312,578,240,513,265,540,227
550,312,577,240,512,265,540,227
549,312,576,240,511,265,539,227
547,312,575,239,510,265,538,226
546,312,575,240,510,265,537,226
545,312,574,240,509,266,538,227
546,314,574,241,509,267,538,228
547,317,575,243,510,269,538,229
548,318,576,244,511,270,538,231
548,319,576,246,511,271,538,232
548,319,576,247,511,272,538,234
548,320,576,247,511,272,538,234
547,319,575,246,511,272,538,233
547,319,575,246,510,270,537,230
545,316,574,242,509,268,538,229
547,312,575,239,510,265,538,226
547,311,576,238,511,263,539,223
550,308,578,235,513,261,540,221
551,307,579,233,515,259,541,219
552,304,581,232,515,258,543,218
552,303,581,230,516,256,544,217
552,303,581,229,516,254,543,215
552,302,580,228,515,253,543,215
551,301,580,228,515,252,542,214
551,300,580,227,515,252,541,212
548,297,577,225,512,249,540,211
546,296,575,223,510,248,537,209
543,295,573,222,507,247,536,208
539,295,569,222,503,246,532,207
537,295,567,222,501,245,528,207
535,295,565,221,499,245,528,207
534,295,564,221,497,246,527,208
533,295,563,221,497,246,526,207
531,295,561,222,495,246,524,207
530,295,560,221,493,245,522,206
529,294,559,221,493,245,522,206
529,294,559,221,493,245,522,206
529,294,560,221,494,246,523,206
531,295,561,221,495,246,524,206
532,294,562,220,496,245,525,205
532,291,562,219,496,242,524,204
531,287,561,214,496,238,525,199
531,283,562,207,495,231,524,193
530,277,562,204,495,228,524,188
529,270,561,197,494,221,523,182
528,266,560,193,494,214,521,176
527,262,557,189,492,212,521,174
526,258,555,187,488,209,517,171
521,257,553,185,487,208,516,171
519,257,550,185,484,208,514,170
518,258,548,187,481,209,510,172
514,261,547,188,480,210,509,173
512,263,544,191,478,214,508,175
512,264,544,192,478,215,507,179
512,267,543,195,477,218,508,180
512,269,544,197,477,220,507,181
514,271,545,197,479,221,509,182
518,271,549,198,482,221,512,183
519,271,550,198,484,220,513,182
520,269,551,196,484,219,514,181
519,266,550,194,484,218,514,179
519,265,550,193,483,216,512,176
518,263,549,189,483,212,512,175
518,261,548,187,481,209,511,170
516,256,547,184,481,207,511,168
512,251,544,178,478,201,508,164
511,248,542,176,473,197,503,159
505,245,538,172,470,194,500,156
502,241,534,169,466,192,497,153
501,240,533,169,465,191,495,153
500,240,531,168,464,191,494,153
499,240,530,168,464,191,494,153
499,240,530,169,464,192,494,153
498,242,530,170,463,193,493,155
497,243,530,170,462,194,492,156
497,246,530,173,462,196,492,156
497,248,528,175,463,198,492,159
497,248,528,176,463,199,492,163
496,251,528,178,462,201,492,164
496,252,526,180,460,203,490,164
495,254,525,181,460,204,489,165
493,255,524,180,458,204,487,166
492,255,523,180,456,204,486,166
490,254,522,181,455,204,485,165
489,254,521,181,454,203,484,164
489,254,522,181,454,203,484,164
489,253,523,180,455,202,484,164
490,252,523,179,456,201,485,163
493,249,524,179,457,201,487,162
495,249,526,177,459,199,489,161
495,248,527,176,459,198,489,160
494,248,526,175,458,198,488,160
490,248,521,176,456,199,486,160
488,249,520,176,454,199,481,162
486,249,517,178,449,200,480,162
483,251,515,179,447,201,476,163
480,253,512,180,445,203,476,164
478,255,509,181,443,204,472,166
477,255,509,182,440,206,471,167
474,256,506,184,440,207,470,168
472,258,505,185,439,208,468,171
472,259,505,186,438,209,468,172
472,262,505,189,437,211,468,172
472,263,504,192,438,215,468,176
472,266,504,193,438,216,467,179
471,269,501,196,435,219,466,181
469,271,501,197,433,222,463,183
466,272,498,201,432,223,462,185
464,277,498,204,430,226,460,188
464,279,497,206,430,228,460,191
464,281,496,208,430,231,459,194
463,283,494,212,428,235,459,196
462,286,494,214,427,236,457,198
462,288,494,216,426,238,456,200
462,289,494,217,427,240,458,202
463,291,495,218,429,241,460,204
465,293,499,220,431,241,461,204
467,294,499,220,433,242,464,206
469,295,501,222,434,244,464,206
470,295,502,223,435,244,465,207
471,295,503,223,435,244,465,206
472,294,504,222,437,243,469,205
473,294,506,221,441,241,471,204
478,290,509,219,442,240,473,202
480,288,512,216,446,238,476,200
481,287,513,214,447,236,478,197
484,282,516,211,449,232,480,194
485,280,519,208,451,229,481,192
487,279,519,207,452,228,482,190
487,276,520,204,453,226,484,188
487,275,520,203,453,225,484,188
487,275,519,202,453,224,483,187
487,275,520,203,453,225,484,188
488,276,520,203,454,225,484,188
488,277,521,205,455,225,484,188
488,277,522,205,455,226,486,189
488,278,522,206,455,227,486,190
489,279,522,207,455,228,487,191
489,279,522,207,455,229,487,191
490,280,524,208,456,229,488,191
492,280,527,208,459,230,489,192
495,281,528,208,461,230,492,193
497,281,531,210,464,232,495,193
500,282,533,211,466,233,498,195
503,284,534,212,467,233,499,196
503,286,535,213,468,235,499,196
503,286,535,214,468,235,500,198
503,287,536,215,468,236,500,198
502,288,535,216,468,237,499,200
501,288,535,216,467,238,497,200
496,289,530,218,463,239,495,201
495,290,528,218,459,239,491,203
490,291,525,219,457,240,489,202
488,293,522,221,455,241,486,205
488,294,521,222,455,244,487,207
489,296,523,225,456,246,487,208
490,299,526,228,459,248,491,211
495,301,528,230,462,249,492,215
500,304,534,232,466,253,497,215
503,305,536,235,472,255,503,217
509,307,541,235,474,256,506,219
512,309,545,237,479,257,509,221
512,310,546,238,479,259,511,222
513,311,547,238,480,259,511,223
514,311,547,240,480,261,511,223
513,312,547,240,480,261,511,224
513,312,548,241,480,262,512,224
513,312,548,241,480,262,512,224
514,312,549,240,481,261,512,224
516,311,551,239,482,259,513,223
517,311,551,239,483,258,516,220
519,308,552,237,485,256,516,220
519,307,553,235,486,255,517,219
519,306,553,235,486,255,517,218
519,306,553,235,485,255,516,219
518,307,552,238,483,256,516,220
515,311,551,238,483,257,515,220
514,312,550,240,481,260,513,223
513,312,549,242,481,263,513,226
512,316,549,244,480,264,514,227
513,319,550,247,481,266,513,230
514,319,550,248,482,267,513,232
515,320,551,250,483,270,515,233
516,321,551,253,483,272,516,236
516,327,551,255,483,273,516,236
515,328,551,257,482,277,514,240
513,329,550,259,481,280,514,244
513,334,550,263,480,281,513,246
513,336,549,265,480,284,513,248
513,336,549,266,480,285,513,248
512,337,549,266,480,286,513,248
512,336,549,265,480,284,512,248
512,335,549,264,480,282,512,247
512,332,549,261,480,280,514,244
512,330,549,260,480,278,512,240
511,328,547,257,479,277,512,240
509,327,544,256,478,274,510,239
507,327,544,256,476,274,507,238
505,327,542,256,473,275,505,239
504,328,539,259,471,278,504,241
503,331,538,260,471,279,502,242
500,335,536,264,468,281,501,246
498,336,535,264,466,285,498,249
497,338,534,268,465,287,498,250
498,342,535,271,466,288,499,252
499,343,535,271,467,290,502,255
502,344,537,273,470,293,503,256
503,345,540,276,472,295,504,257
504,346,541,276,472,295,505,258
505,346,542,276,474,295,506,258
507,345,543,276,476,295,508,258
510,345,545,275,477,294,510,257
511,345,547,275,479,294,511,256
512,345,547,275,480,294,512,256
513,344,550,274,481,293,513,256
514,344,551,273,482,293,515,256
516,344,552,273,484,293,516,256
518,344,553,273,486,293,518,256
519,345,554,274,487,294,520,257
520,347,556,276,488,295,520,257
520,349,558,278,489,296,522,260
521,350,558,279,489,297,522,262
522,352,558,280,489,300,521,263
521,352,557,283,489,303,521,265
520,355,557,285,488,303,521,267
520,358,557,287,488,305,521,270
521,358,558,287,488,306,521,271
521,359,558,288,489,307,521,271
522,359,559,288,490,307,523,271
523,359,559,288,490,307,524,271
524,359,560,288,491,306,524,271
524,359,560,288,493,307,525,271
525,360,560,289,493,308,526,271
526,361,562,291,494,310,527,272
527,362,562,293,494,311,527,274
526,365,561,294,494,312,526,276
524,367,560,296,493,313,526,278
522,367,560,296,491,314,523,279
520,368,558,297,488,314,521,279
519,368,556,298,487,315,520,279
518,368,555,298,487,315,520,279
518,367,556,297,487,314,520,279
519,367,557,296,488,313,521,278
520,366,559,296,489,312,522,278
521,366,559,295,491,312,524,276
521,366,560,295,491,312,525,276
522,366,560,295,491,312,525,277
522,367,560,296,492,313,525,278
522,367,560,297,492,313,526,279
524,368,561,298,494,316,527,280
525,368,562,300,495,318,528,281
527,370,564,300,495,318,528,281
527,371,565,302,496,319,529,283
527,372,566,303,496,320,529,285
527,374,566,304,496,321,529,287
528,377,566,307,496,324,530,288
528,378,566,308,497,326,531,290
528,380,567,310,499,327,533,291
529,381,568,311,500,328,534,293
531,383,568,312,501,328,535,294
532,383,569,312,502,328,535,295
532,383,569,312,502,328,535,294
532,382,569,311,502,328,535,293
530,379,569,310,501,327,535,291
529,378,568,310,500,327,534,289
528,378,566,309,497,325,531,289
527,377,564,308,495,325,528,289
525,377,563,309,495,325,528,289
524,378,562,310,495,326,528,290
524,380,562,311,494,327,528,292
524,382,562,312,494,328,528,293
523,383,561,313,494,328,527,295
522,383,561,314,493,329,527,296
520,385,560,317,490,332,526,296
519,386,558,319,488,334,522,299
518,389,557,319,488,335,521,301
517,391,556,322,487,337,521,303
518,392,557,324,488,341,522,305
520,396,559,327,489,343,524,307
524,399,562,329,494,345,527,311
526,400,565,332,496,347,532,313
529,403,568,335,501,351,535,315
533,404,572,336,503,352,536,317
535,405,573,336,504,352,537,318
535,405,573,335,503,352,536,317
533,404,571,335,500,351,535,316
528,403,567,335,497,351,531,315
521,402,560,334,492,351,527,314
519,403,559,335,489,350,521,316
514,406,553,336,485,352,519,318
257,407,551,341,481,357,516,320
511,413,551,344,480,359,515,325
511,419,551,351,480,366,515,330
511,422,551,353,482,372,518,336
513,428,552,359,485,375,519,340
519,432,558,364,488,379,522,344
520,434,559,366,490,382,527,347
524,436,562,367,494,383,527,348
526,437,564,367,495,383,528,348
527,436,564,367,496,383,528,348
526,436,563,367,495,383,528,348
524,436,562,367,493,383,527,348
522,436,560,367,493,383,527,348
522,437,560,367,492,384,526,349
521,438,560,368,492,384,525,351
520,438,559,368,490,384,524,351
520,439,558,370,488,386,522,351
518,439,557,370,487,386,521,351
517,439,555,370,487,386,520,351
517,439,555,369,487,385,520,351
516,439,555,369,487,385,520,351
514,437,553,368,485,384,519,349
512,436,552,367,483,383,517,347
511,434,550,366,480,382,514,346
510,433,547,364,479,381,512,345
506,432,545,364,478,380,511,344
504,432,544,363,474,378,509,344
504,432,543,362,473,378,508,343
504,431,543,361,473,377,508,343
504,430,543,360,473,377,507,343
503,430,543,360,472,376,506,342
502,430,540,360,471,376,504,342
499,430,537,360,469,376,503,342
497,430,536,360,468,376,501,343
496,431,535,361,465,377,500,343
495,431,533,362,464,377,497,343
493,431,532,362,463,377,497,343
493,431,532,361,463,377,497,343
494,430,533,361,464,376,498,342
495,428,535,359,464,375,499,340
496,425,535,358,465,373,501,337
496,424,535,356,465,371,501,336
496,423,535,354,465,369,501,335
495,423,534,353,464,368,499,335
494,423,533,353,464,368,497,335
491,423,530,354,462,369,496,335
489,423,529,354,460,369,493,336
487,424,527,356,456,371,491,336
484,425,524,358,455,372,488,337
482,425,522,358,454,373,487,337
481,426,520,359,452,374,487,338
480,427,520,359,450,374,486,338
480,427,520,359,450,374,486,338
479,427,519,359,449,374,486,338
480,427,520,359,450,374,487,338
481,426,520,359,452,374,487,338
481,425,522,358,454,372,488,337
483,424,523,357,455,372,488,336
485,424,525,355,456,370,489,336
486,423,526,353,456,369,490,335
486,423,525,353,456,368,489,335
484,422,524,352,455,368,489,334

-----------------------------------------------
Date: 11/17/2015 - 3:42:02 PM
End log file
